<?xml version="1.0" encoding="UTF-8"?>
<!-- Generated by org.testng.reporters.JUnitXMLReporter -->
<testsuite hostname="Nagendra-Yoga" ignored="0" name="Validating User login" tests="5" failures="1" timestamp="13 Aug 2021 22:40:00 GMT" time="94.964" errors="0">
  <testcase name="TC_verifyLoginPageTitle" time="16.874" classname="com.DollarDays.testCases.LoginPageTest"/>
  <testcase name="TC_verifyLoginPageMandatoryfields" time="0.248" classname="com.DollarDays.testCases.LoginPageTest"/>
  <testcase name="TC_verifyForgotEmailPasswordLink" time="2.476" classname="com.DollarDays.testCases.LoginPageTest"/>
  <testcase name="TC_verifyCreateAccountButton" time="11.732" classname="com.DollarDays.testCases.LoginPageTest"/>
  <testcase name="TC_logintoDD" time="21.87" classname="com.DollarDays.testCases.LoginPageTest">
    <failure type="java.lang.AssertionError" message="Could not Login to Dollardays with valid credentials.  Testcase failed expected [true] but found [false]">
      <![CDATA[java.lang.AssertionError: Could not Login to Dollardays with valid credentials.  Testcase failed expected [true] but found [false]
at com.DollarDays.testCases.LoginPageTest.TC_logintoDD(LoginPageTest.java:114)
at java.util.concurrent.FutureTask.run(Unknown Source)
at java.util.concurrent.ThreadPoolExecutor.runWorker(Unknown Source)
at java.util.concurrent.ThreadPoolExecutor$Worker.run(Unknown Source)
at java.lang.Thread.run(Unknown Source)
... Removed 21 stack frames]]>
    </failure>
  </testcase> <!-- TC_logintoDD -->
</testsuite> <!-- Validating User login -->
