<html>
<head>
<title>TestNG:  Validating User login</title>
<link href="../testng.css" rel="stylesheet" type="text/css" />
<link href="../my-testng.css" rel="stylesheet" type="text/css" />

<style type="text/css">
.log { display: none;} 
.stack-trace { display: none;} 
</style>
<script type="text/javascript">
<!--
function flip(e) {
  current = e.style.display;
  if (current == 'block') {
    e.style.display = 'none';
    return 0;
  }
  else {
    e.style.display = 'block';
    return 1;
  }
}

function toggleBox(szDivId, elem, msg1, msg2)
{
  var res = -1;  if (document.getElementById) {
    res = flip(document.getElementById(szDivId));
  }
  else if (document.all) {
    // this is the way old msie versions work
    res = flip(document.all[szDivId]);
  }
  if(elem) {
    if(res == 0) elem.innerHTML = msg1; else elem.innerHTML = msg2;
  }

}

function toggleAllBoxes() {
  if (document.getElementsByTagName) {
    d = document.getElementsByTagName('div');
    for (i = 0; i < d.length; i++) {
      if (d[i].className == 'log') {
        flip(d[i]);
      }
    }
  }
}

// -->
</script>

</head>
<body>
<h2 align='center'>Validating User login</h2><table border='1' align="center">
<tr>
<td>Tests passed/Failed/Skipped:</td><td>4/1/0</td>
</tr><tr>
<td>Started on:</td><td>Fri Aug 13 15:38:26 PDT 2021</td>
</tr>
<tr><td>Total time:</td><td>94 seconds (94964 ms)</td>
</tr><tr>
<td>Included groups:</td><td></td>
</tr><tr>
<td>Excluded groups:</td><td></td>
</tr>
</table><p/>
<small><i>(Hover the method name to see the test class name)</i></small><p/>
<table width='100%' border='1' class='invocation-failed'>
<tr><td colspan='4' align='center'><b>FAILED TESTS</b></td></tr>
<tr><td><b>Test method</b></td>
<td width="30%"><b>Exception</b></td>
<td width="10%"><b>Time (seconds)</b></td>
<td><b>Instance</b></td>
</tr>
<tr>
<td title='com.DollarDays.testCases.LoginPageTest.TC_logintoDD()'><b>TC_logintoDD</b><br>Test class: com.DollarDays.testCases.LoginPageTest<br>Test method: Testcase checks if the user is able to login successfully with valid username/password combination</td>
<td><div><pre>java.lang.AssertionError: Could not Login to Dollardays with valid credentials.  Testcase failed expected [true] but found [false]
	at com.DollarDays.testCases.LoginPageTest.TC_logintoDD(LoginPageTest.java:114)
	at java.util.concurrent.FutureTask.run(Unknown Source)
	at java.util.concurrent.ThreadPoolExecutor.runWorker(Unknown Source)
	at java.util.concurrent.ThreadPoolExecutor$Worker.run(Unknown Source)
	at java.lang.Thread.run(Unknown Source)
... Removed 21 stack frames</pre></div><a href='#' onClick='toggleBox("stack-trace584583799", this, "Click to show all stack frames", "Click to hide stack frames")'>Click to show all stack frames</a>
<div class='stack-trace' id='stack-trace584583799'><pre>java.lang.AssertionError: Could not Login to Dollardays with valid credentials.  Testcase failed expected [true] but found [false]
	at org.testng.Assert.fail(Assert.java:96)
	at org.testng.Assert.failNotEquals(Assert.java:776)
	at org.testng.Assert.assertEqualsImpl(Assert.java:137)
	at org.testng.Assert.assertEquals(Assert.java:118)
	at org.testng.Assert.assertEquals(Assert.java:568)
	at com.DollarDays.testCases.LoginPageTest.TC_logintoDD(LoginPageTest.java:114)
	at sun.reflect.NativeMethodAccessorImpl.invoke0(Native Method)
	at sun.reflect.NativeMethodAccessorImpl.invoke(Unknown Source)
	at sun.reflect.DelegatingMethodAccessorImpl.invoke(Unknown Source)
	at java.lang.reflect.Method.invoke(Unknown Source)
	at org.testng.internal.MethodInvocationHelper.invokeMethod(MethodInvocationHelper.java:124)
	at org.testng.internal.Invoker.invokeMethod(Invoker.java:583)
	at org.testng.internal.Invoker.invokeTestMethod(Invoker.java:719)
	at org.testng.internal.Invoker.invokeTestMethods(Invoker.java:989)
	at org.testng.internal.TestMethodWorker.invokeTestMethods(TestMethodWorker.java:125)
	at org.testng.internal.TestMethodWorker.run(TestMethodWorker.java:109)
	at org.testng.TestRunner.privateRun(TestRunner.java:648)
	at org.testng.TestRunner.run(TestRunner.java:505)
	at org.testng.SuiteRunner.runTest(SuiteRunner.java:455)
	at org.testng.SuiteRunner.access$000(SuiteRunner.java:40)
	at org.testng.SuiteRunner$SuiteWorker.run(SuiteRunner.java:489)
	at org.testng.internal.thread.ThreadUtil$1.call(ThreadUtil.java:52)
	at java.util.concurrent.FutureTask.run(Unknown Source)
	at java.util.concurrent.ThreadPoolExecutor.runWorker(Unknown Source)
	at java.util.concurrent.ThreadPoolExecutor$Worker.run(Unknown Source)
	at java.lang.Thread.run(Unknown Source)
</pre></div></td>
<td>21</td>
<td>com.DollarDays.testCases.LoginPageTest@4fbe37eb</td></tr>
</table><p>
<table width='100%' border='1' class='invocation-passed'>
<tr><td colspan='4' align='center'><b>PASSED TESTS</b></td></tr>
<tr><td><b>Test method</b></td>
<td width="30%"><b>Exception</b></td>
<td width="10%"><b>Time (seconds)</b></td>
<td><b>Instance</b></td>
</tr>
<tr>
<td title='com.DollarDays.testCases.LoginPageTest.TC_verifyCreateAccountButton()'><b>TC_verifyCreateAccountButton</b><br>Test class: com.DollarDays.testCases.LoginPageTest<br>Test method:  TestCase verifies functionality of CreateAccount button .</td>
<td></td>
<td>11</td>
<td>com.DollarDays.testCases.LoginPageTest@4fbe37eb</td></tr>
<tr>
<td title='com.DollarDays.testCases.LoginPageTest.TC_verifyForgotEmailPasswordLink()'><b>TC_verifyForgotEmailPasswordLink</b><br>Test class: com.DollarDays.testCases.LoginPageTest<br>Test method:  TestCase verifies the navigation of Forgot password link .</td>
<td></td>
<td>2</td>
<td>com.DollarDays.testCases.LoginPageTest@4fbe37eb</td></tr>
<tr>
<td title='com.DollarDays.testCases.LoginPageTest.TC_verifyLoginPageMandatoryfields()'><b>TC_verifyLoginPageMandatoryfields</b><br>Test class: com.DollarDays.testCases.LoginPageTest<br>Test method:  TestCase verifies Email Address and Password fields are mandatory in LoginPage.</td>
<td></td>
<td>0</td>
<td>com.DollarDays.testCases.LoginPageTest@4fbe37eb</td></tr>
<tr>
<td title='com.DollarDays.testCases.LoginPageTest.TC_verifyLoginPageTitle()'><b>TC_verifyLoginPageTitle</b><br>Test class: com.DollarDays.testCases.LoginPageTest<br>Test method:  TestCase verifies LoginPage Title is displayed correctly.</td>
<td></td>
<td>16</td>
<td>com.DollarDays.testCases.LoginPageTest@4fbe37eb</td></tr>
</table><p>
</body>
</html>