





<!DOCTYPE html>
<html>

<head>
    <meta charset="utf-8">
    <meta name="viewport" content="width=device-width, initial-scale=1, shrink-to-fit=no">
    <title>Test Results</title>
        <link rel="apple-touch-icon" href="https://cdn.jsdelivr.net/gh/extent-framework/extent-github-cdn@b00a2d0486596e73dd7326beacf352c639623a0e/commons/img/logo.png">
        <link rel="shortcut icon" href="https://cdn.jsdelivr.net/gh/extent-framework/extent-github-cdn@b00a2d0486596e73dd7326beacf352c639623a0e/commons/img/logo.png">
	    <link href="https://cdn.jsdelivr.net/gh/extent-framework/extent-github-cdn@74cc0d02f0116d1b5665bd07f6aea22c71033efe/spark/css/spark-style.css" rel="stylesheet" />
        <link href="https://stackpath.bootstrapcdn.com/font-awesome/4.7.0/css/font-awesome.min.css" rel="stylesheet">
<style type="text/css">

</style></head>    <script src="https://cdn.rawgit.com/extent-framework/extent-github-cdn/7cc78ce/spark/js/jsontree.js"></script>
<body class="spa -report standard">
    <div class="app header-dark side-nav-folded">
        <div class="layout">
<div class="header navbar">
    <div class="header-container">
        <div class="nav-logo">
          <a href="index.html">
            <div class="logo logo-dark" style="background-image: url('https://cdn.rawgit.com/extent-framework/extent-github-cdn/d74480e/commons/img/logo.png')"></div>
            <div class="logo logo-white" style="background-image: url('https://cdn.rawgit.com/extent-framework/extent-github-cdn/d74480e/commons/img/logo.png')"></div>
          </a>
        </div>
        <ul class="nav-left">
          <li>
            <a class="sidenav-fold-toggler" href="javascript:void(0);">
              <i class="fa fa-bars"></i>
            </a>
            <a class="sidenav-expand-toggler" href="javascript:void(0);">
              <i class="fa fa-bars"></i>
            </a>
          </li>
          <li class="search-box">
            <a class="search-toggle" href="javascript:void(0);">
              <i class="search-icon fa fa-search"></i>
              <i class="search-icon-close fa fa-close"></i>
            </a>
          </li>
          <li class="search-input">
            <input id="search-tests" class="form-control" type="text" placeholder="Type to search...">
          </li>
        </ul>
        <ul class="nav-right">
          <li class="m-r-10">
            <a href="#">
              <span class="badge badge-primary">Web Automation Results</span>
            </a>
          </li>
            <li class="m-r-10">
                <a href="#">
                    <span class="badge badge-primary">Aug 13, 2021 03:38:25 PM</span>
                </a>
            </li>
        </ul>
    </div>
</div><div class="side-nav side-nav-folded">
  <div class="side-nav-inner">
    <ul class="side-nav-menu scrollable">
      <li class="nav-item dropdown" onclick="toggleView('test-view')">
        <a id="nav-test" class="dropdown-toggle" href="index.html">
          <span class="icon-holder">
            <i class="fa fa-align-left"></i>
          </span>
          <span class="title">Tests</span>
        </a>
      </li>
            <li class="nav-item dropdown" onclick="toggleView('exception-view')">
        <a id="nav-ex" class="dropdown-toggle" href="exception.html">
          <span class="icon-holder">
            <i class="fa fa-bug"></i>
          </span>
          <span class="title">Exception</span>
        </a>
      </li>
      <li class="nav-item dropdown" onclick="toggleView('dashboard-view')">
        <a id="nav-dashboard" class="dropdown-toggle" href="dashboard.html">
          <span class="icon-holder">
            <i class="fa fa-bar-chart"></i>
          </span>
          <span class="title">Dashboard</span>
        </a>
      </li>
    </ul>
  </div>
</div>            <div class="page-container">
                <div class="main-content">
<div class="test-wrapper row test-view">
	<div class="test-list">
		<div class="test-list-tools">
			<ul class="tools pull-left">
				<li>
					<a href="">
					<span class="font-size-14">Tests</span>
					</a>
				</li>
			</ul>
			<ul class="tools text-right">
				<li class="user-profile dropdown dropdown-animated scale-left">
					<a href="#" class="dropdown-toggle" data-toggle="dropdown">
					<i class="fa fa-exclamation-circle"></i>
					</a>
					<ul id="status-toggle" class="dropdown-menu dropdown-md p-v-0">
						<a class="dropdown-item" status="pass" href="#"><span>Pass</span><span class="status success pull-right"></span></a>
						<a class="dropdown-item" status="fail" href="#"><span>Fail</span><span class="status danger pull-right"></span></a>
						
						
						
						
						<div class="dropdown-divider"></div>
						<a status="clear" class="dropdown-item" href="#"><span>Clear</span><span class="pull-right"><i class="fa fa-close"></i></span></a>
					</ul>
				</li>
			</ul>
		</div>
		<div class="test-list-wrapper scrollable">
			<ul class="test-list-item">
				<li class="test-item"  status="fail" test-id="1"
					author=""
					tag=""
					device="">
					<div class="status-avatar fail-bg">
						<i class="fa fa-times text-white"></i>
					</div>
					<div class="open-test">
						<div class="test-detail">
							<p class="name">TC_Login</p>
							<p class="duration text-sm">0h 0m 44s+66ms</p>
							<span class="datetime">15:38:43 PM</span>
						</div>
					</div>
					<div class="test-contents d-none">
						<div class="detail-head">
							<div class="p-v-10 d-inline-block">
								<div class="info">
									<h5 class="test-status text-fail">TC_Login</h5>
									<span class='badge badge-success'>08.13.2021 15:38:43</span>
									<span class='badge badge-danger'>08.13.2021 15:39:27</span>
									<span class='badge badge-default'>0h 0m 44s+66ms</span>
								</div>
								<div class="m-t-10 m-l-5">
									
								</div>
							</div>
						</div>
<div class="detail-body mt-4">                                              
<table class="table table-sm">
	<thead><tr>
		<th class="status-col">Status</th>
		<th class="timestamp-col">Timestamp</th>
		<th class="details-col">Details</th>
	</tr></thead>
	<tbody>
			<tr class="event-row">
				<td><i class="fa fa-info text-info"></i></td>
				<td>3:38:43 PM</td>
				<td>
						TC_Login Test is starting. This testcase verifies user is able to login from home page with valid credentials.
				</td>
			</tr>
			<tr class="event-row">
				<td><i class="fa fa-times text-fail"></i></td>
				<td>3:39:16 PM</td>
				<td>
						<textarea disabled class="code-block">java.lang.AssertionError: Could not Login to Dollardays.Testcase failed. expected [true] but found [false]
	at org.testng.Assert.fail(Assert.java:96)
	at org.testng.Assert.failNotEquals(Assert.java:776)
	at org.testng.Assert.assertEqualsImpl(Assert.java:137)
	at org.testng.Assert.assertEquals(Assert.java:118)
	at org.testng.Assert.assertEquals(Assert.java:568)
	at com.DollarDays.testCases.HomePageAfterSigninTest.TC_Login(HomePageAfterSigninTest.java:48)
	at sun.reflect.NativeMethodAccessorImpl.invoke0(Native Method)
	at sun.reflect.NativeMethodAccessorImpl.invoke(Unknown Source)
	at sun.reflect.DelegatingMethodAccessorImpl.invoke(Unknown Source)
	at java.lang.reflect.Method.invoke(Unknown Source)
	at org.testng.internal.MethodInvocationHelper.invokeMethod(MethodInvocationHelper.java:124)
	at org.testng.internal.Invoker.invokeMethod(Invoker.java:583)
	at org.testng.internal.Invoker.invokeTestMethod(Invoker.java:719)
	at org.testng.internal.Invoker.invokeTestMethods(Invoker.java:989)
	at org.testng.internal.TestMethodWorker.invokeTestMethods(TestMethodWorker.java:125)
	at org.testng.internal.TestMethodWorker.run(TestMethodWorker.java:109)
	at org.testng.TestRunner.privateRun(TestRunner.java:648)
	at org.testng.TestRunner.run(TestRunner.java:505)
	at org.testng.SuiteRunner.runTest(SuiteRunner.java:455)
	at org.testng.SuiteRunner.access$000(SuiteRunner.java:40)
	at org.testng.SuiteRunner$SuiteWorker.run(SuiteRunner.java:489)
	at org.testng.internal.thread.ThreadUtil$1.call(ThreadUtil.java:52)
	at java.util.concurrent.FutureTask.run(Unknown Source)
	at java.util.concurrent.ThreadPoolExecutor.runWorker(Unknown Source)
	at java.util.concurrent.ThreadPoolExecutor$Worker.run(Unknown Source)
	at java.lang.Thread.run(Unknown Source)
</textarea>
				</td>
			</tr>
			<tr class="event-row">
				<td><i class="fa fa-info text-info"></i></td>
				<td>3:39:16 PM</td>
				<td>
						TC_Login test failed.
				</td>
			</tr>
			<tr class="event-row">
				<td><i class="fa fa-info text-info"></i></td>
				<td>3:39:27 PM</td>
				<td>
						TC_verifyUserHomePageTitle Test was Skipped. java.lang.Throwable: Method HomePageAfterSigninTest.TC_verifyUserHomePageTitle()[pri:1, instance:com.DollarDays.testCases.HomePageAfterSigninTest@704deff2] depends on not successfully finished methods
				</td>
			</tr>
			<tr class="event-row">
				<td><i class="fa fa-long-arrow-right text-skip"></i></td>
				<td>3:39:27 PM</td>
				<td>
						<textarea disabled class="code-block">java.lang.Throwable: Method HomePageAfterSigninTest.TC_verifyUserHomePageTitle()[pri:1, instance:com.DollarDays.testCases.HomePageAfterSigninTest@704deff2] depends on not successfully finished methods
	at org.testng.internal.Invoker.invokeTestMethods(Invoker.java:888)
	at org.testng.internal.TestMethodWorker.invokeTestMethods(TestMethodWorker.java:125)
	at org.testng.internal.TestMethodWorker.run(TestMethodWorker.java:109)
	at org.testng.TestRunner.privateRun(TestRunner.java:648)
	at org.testng.TestRunner.run(TestRunner.java:505)
	at org.testng.SuiteRunner.runTest(SuiteRunner.java:455)
	at org.testng.SuiteRunner.access$000(SuiteRunner.java:40)
	at org.testng.SuiteRunner$SuiteWorker.run(SuiteRunner.java:489)
	at org.testng.internal.thread.ThreadUtil$1.call(ThreadUtil.java:52)
	at java.util.concurrent.FutureTask.run(Unknown Source)
	at java.util.concurrent.ThreadPoolExecutor.runWorker(Unknown Source)
	at java.util.concurrent.ThreadPoolExecutor$Worker.run(Unknown Source)
	at java.lang.Thread.run(Unknown Source)
</textarea>
				</td>
			</tr>
			<tr class="event-row">
				<td><i class="fa fa-info text-info"></i></td>
				<td>3:39:27 PM</td>
				<td>
						TC_CheckUserDropDownList Test was Skipped. java.lang.Throwable: Method HomePageAfterSigninTest.TC_CheckUserDropDownList()[pri:2, instance:com.DollarDays.testCases.HomePageAfterSigninTest@704deff2] depends on not successfully finished methods
				</td>
			</tr>
			<tr class="event-row">
				<td><i class="fa fa-long-arrow-right text-skip"></i></td>
				<td>3:39:27 PM</td>
				<td>
						<textarea disabled class="code-block">java.lang.Throwable: Method HomePageAfterSigninTest.TC_CheckUserDropDownList()[pri:2, instance:com.DollarDays.testCases.HomePageAfterSigninTest@704deff2] depends on not successfully finished methods
	at org.testng.internal.Invoker.invokeTestMethods(Invoker.java:888)
	at org.testng.internal.TestMethodWorker.invokeTestMethods(TestMethodWorker.java:125)
	at org.testng.internal.TestMethodWorker.run(TestMethodWorker.java:109)
	at org.testng.TestRunner.privateRun(TestRunner.java:648)
	at org.testng.TestRunner.run(TestRunner.java:505)
	at org.testng.SuiteRunner.runTest(SuiteRunner.java:455)
	at org.testng.SuiteRunner.access$000(SuiteRunner.java:40)
	at org.testng.SuiteRunner$SuiteWorker.run(SuiteRunner.java:489)
	at org.testng.internal.thread.ThreadUtil$1.call(ThreadUtil.java:52)
	at java.util.concurrent.FutureTask.run(Unknown Source)
	at java.util.concurrent.ThreadPoolExecutor.runWorker(Unknown Source)
	at java.util.concurrent.ThreadPoolExecutor$Worker.run(Unknown Source)
	at java.lang.Thread.run(Unknown Source)
</textarea>
				</td>
			</tr>
			<tr class="event-row">
				<td><i class="fa fa-info text-info"></i></td>
				<td>3:39:27 PM</td>
				<td>
						TC_verifyUserDropDownUrl Test was Skipped. java.lang.Throwable: Method HomePageAfterSigninTest.TC_verifyUserDropDownUrl(java.lang.String)[pri:3, instance:com.DollarDays.testCases.HomePageAfterSigninTest@704deff2] depends on not successfully finished methods
				</td>
			</tr>
			<tr class="event-row">
				<td><i class="fa fa-long-arrow-right text-skip"></i></td>
				<td>3:39:27 PM</td>
				<td>
						<textarea disabled class="code-block">java.lang.Throwable: Method HomePageAfterSigninTest.TC_verifyUserDropDownUrl(java.lang.String)[pri:3, instance:com.DollarDays.testCases.HomePageAfterSigninTest@704deff2] depends on not successfully finished methods
	at org.testng.internal.Invoker.invokeTestMethods(Invoker.java:888)
	at org.testng.internal.TestMethodWorker.invokeTestMethods(TestMethodWorker.java:125)
	at org.testng.internal.TestMethodWorker.run(TestMethodWorker.java:109)
	at org.testng.TestRunner.privateRun(TestRunner.java:648)
	at org.testng.TestRunner.run(TestRunner.java:505)
	at org.testng.SuiteRunner.runTest(SuiteRunner.java:455)
	at org.testng.SuiteRunner.access$000(SuiteRunner.java:40)
	at org.testng.SuiteRunner$SuiteWorker.run(SuiteRunner.java:489)
	at org.testng.internal.thread.ThreadUtil$1.call(ThreadUtil.java:52)
	at java.util.concurrent.FutureTask.run(Unknown Source)
	at java.util.concurrent.ThreadPoolExecutor.runWorker(Unknown Source)
	at java.util.concurrent.ThreadPoolExecutor$Worker.run(Unknown Source)
	at java.lang.Thread.run(Unknown Source)
</textarea>
				</td>
			</tr>
	</tbody>
</table>
</div>
<div class="detail-foot">
	<ul class="attachments">
			<img class='r-img' onerror='this.style.display="none"' data-featherlight='C:\workspace\DollarDaysProject\Screenshots\TC_Login20210813_153916.png' src='C:\workspace\DollarDaysProject\Screenshots\TC_Login20210813_153916.png'>
	</ul>
</div>
					</div>
				</li>
				<li class="test-item"  status="fail" test-id="2"
					author=""
					tag=""
					device="">
					<div class="status-avatar fail-bg">
						<i class="fa fa-times text-white"></i>
					</div>
					<div class="open-test">
						<div class="test-detail">
							<p class="name">TC_loginDDT</p>
							<p class="duration text-sm">0h 0m 19s+607ms</p>
							<span class="datetime">15:38:52 PM</span>
						</div>
					</div>
					<div class="test-contents d-none">
						<div class="detail-head">
							<div class="p-v-10 d-inline-block">
								<div class="info">
									<h5 class="test-status text-fail">TC_loginDDT</h5>
									<span class='badge badge-success'>08.13.2021 15:38:52</span>
									<span class='badge badge-danger'>08.13.2021 15:39:12</span>
									<span class='badge badge-default'>0h 0m 19s+607ms</span>
								</div>
								<div class="m-t-10 m-l-5">
									
								</div>
							</div>
						</div>
<div class="detail-body mt-4">                                              
<table class="table table-sm">
	<thead><tr>
		<th class="status-col">Status</th>
		<th class="timestamp-col">Timestamp</th>
		<th class="details-col">Details</th>
	</tr></thead>
	<tbody>
			<tr class="event-row">
				<td><i class="fa fa-info text-info"></i></td>
				<td>3:38:52 PM</td>
				<td>
						TC_loginDDT Test is starting. This Testcase checks for logging in functionality using valid and invalid username/password combinations
				</td>
			</tr>
			<tr class="event-row">
				<td><i class="fa fa-times text-fail"></i></td>
				<td>3:39:12 PM</td>
				<td>
						<textarea disabled class="code-block">java.lang.AssertionError: Could not sign in to DollarDays with valid user team6testing@gmail.com and valid password password123. TestCase Failed. expected [true] but found [false]
	at org.testng.Assert.fail(Assert.java:96)
	at org.testng.Assert.failNotEquals(Assert.java:776)
	at org.testng.Assert.assertTrue(Assert.java:44)
	at com.DollarDays.testCases.LoginDataDriverTest.TC_loginDDT(LoginDataDriverTest.java:80)
	at sun.reflect.NativeMethodAccessorImpl.invoke0(Native Method)
	at sun.reflect.NativeMethodAccessorImpl.invoke(Unknown Source)
	at sun.reflect.DelegatingMethodAccessorImpl.invoke(Unknown Source)
	at java.lang.reflect.Method.invoke(Unknown Source)
	at org.testng.internal.MethodInvocationHelper.invokeMethod(MethodInvocationHelper.java:124)
	at org.testng.internal.Invoker.invokeMethod(Invoker.java:583)
	at org.testng.internal.Invoker.invokeTestMethod(Invoker.java:719)
	at org.testng.internal.Invoker.invokeTestMethods(Invoker.java:989)
	at org.testng.internal.TestMethodWorker.invokeTestMethods(TestMethodWorker.java:125)
	at org.testng.internal.TestMethodWorker.run(TestMethodWorker.java:109)
	at org.testng.TestRunner.privateRun(TestRunner.java:648)
	at org.testng.TestRunner.run(TestRunner.java:505)
	at org.testng.SuiteRunner.runTest(SuiteRunner.java:455)
	at org.testng.SuiteRunner.access$000(SuiteRunner.java:40)
	at org.testng.SuiteRunner$SuiteWorker.run(SuiteRunner.java:489)
	at org.testng.internal.thread.ThreadUtil$1.call(ThreadUtil.java:52)
	at java.util.concurrent.FutureTask.run(Unknown Source)
	at java.util.concurrent.ThreadPoolExecutor.runWorker(Unknown Source)
	at java.util.concurrent.ThreadPoolExecutor$Worker.run(Unknown Source)
	at java.lang.Thread.run(Unknown Source)
</textarea>
				</td>
			</tr>
			<tr class="event-row">
				<td><i class="fa fa-info text-info"></i></td>
				<td>3:39:12 PM</td>
				<td>
						TC_loginDDT test failed.
				</td>
			</tr>
	</tbody>
</table>
</div>
<div class="detail-foot">
	<ul class="attachments">
			<img class='r-img' onerror='this.style.display="none"' data-featherlight='C:\workspace\DollarDaysProject\Screenshots\TC_loginDDT20210813_153912.png' src='C:\workspace\DollarDaysProject\Screenshots\TC_loginDDT20210813_153912.png'>
	</ul>
</div>
					</div>
				</li>
				<li class="test-item"  status="pass" test-id="3"
					author=""
					tag=""
					device="">
					<div class="status-avatar pass-bg">
						<i class="fa fa-check text-white"></i>
					</div>
					<div class="open-test">
						<div class="test-detail">
							<p class="name">TC_verifyLoginPageTitle</p>
							<p class="duration text-sm">0h 0m 16s+872ms</p>
							<span class="datetime">15:38:53 PM</span>
						</div>
					</div>
					<div class="test-contents d-none">
						<div class="detail-head">
							<div class="p-v-10 d-inline-block">
								<div class="info">
									<h5 class="test-status text-pass">TC_verifyLoginPageTitle</h5>
									<span class='badge badge-success'>08.13.2021 15:38:53</span>
									<span class='badge badge-danger'>08.13.2021 15:39:10</span>
									<span class='badge badge-default'>0h 0m 16s+872ms</span>
								</div>
								<div class="m-t-10 m-l-5">
									
								</div>
							</div>
						</div>
<div class="detail-body mt-4">                                              
<table class="table table-sm">
	<thead><tr>
		<th class="status-col">Status</th>
		<th class="timestamp-col">Timestamp</th>
		<th class="details-col">Details</th>
	</tr></thead>
	<tbody>
			<tr class="event-row">
				<td><i class="fa fa-info text-info"></i></td>
				<td>3:38:53 PM</td>
				<td>
						TC_verifyLoginPageTitle Test is starting.  TestCase verifies LoginPage Title is displayed correctly.
				</td>
			</tr>
			<tr class="event-row">
				<td><i class="fa fa-check text-pass"></i></td>
				<td>3:39:10 PM</td>
				<td>
						TC_verifyLoginPageTitle Test Passed
				</td>
			</tr>
	</tbody>
</table>
</div>
<div class="detail-foot">
	<ul class="attachments">
			<img class='r-img' onerror='this.style.display="none"' data-featherlight='C:\workspace\DollarDaysProject\Screenshots\TC_verifyLoginPageTitle20210813_153910.png' src='C:\workspace\DollarDaysProject\Screenshots\TC_verifyLoginPageTitle20210813_153910.png'>
	</ul>
</div>
					</div>
				</li>
				<li class="test-item"  status="pass" test-id="4"
					author=""
					tag=""
					device="">
					<div class="status-avatar pass-bg">
						<i class="fa fa-check text-white"></i>
					</div>
					<div class="open-test">
						<div class="test-detail">
							<p class="name">TC_verifyLoginPageMandatoryfields</p>
							<p class="duration text-sm">0h 0m 0s+251ms</p>
							<span class="datetime">15:39:10 PM</span>
						</div>
					</div>
					<div class="test-contents d-none">
						<div class="detail-head">
							<div class="p-v-10 d-inline-block">
								<div class="info">
									<h5 class="test-status text-pass">TC_verifyLoginPageMandatoryfields</h5>
									<span class='badge badge-success'>08.13.2021 15:39:10</span>
									<span class='badge badge-danger'>08.13.2021 15:39:11</span>
									<span class='badge badge-default'>0h 0m 0s+251ms</span>
								</div>
								<div class="m-t-10 m-l-5">
									
								</div>
							</div>
						</div>
<div class="detail-body mt-4">                                              
<table class="table table-sm">
	<thead><tr>
		<th class="status-col">Status</th>
		<th class="timestamp-col">Timestamp</th>
		<th class="details-col">Details</th>
	</tr></thead>
	<tbody>
			<tr class="event-row">
				<td><i class="fa fa-info text-info"></i></td>
				<td>3:39:10 PM</td>
				<td>
						TC_verifyLoginPageMandatoryfields Test is starting.  TestCase verifies Email Address and Password fields are mandatory in LoginPage.
				</td>
			</tr>
			<tr class="event-row">
				<td><i class="fa fa-check text-pass"></i></td>
				<td>3:39:11 PM</td>
				<td>
						TC_verifyLoginPageMandatoryfields Test Passed
				</td>
			</tr>
	</tbody>
</table>
</div>
<div class="detail-foot">
	<ul class="attachments">
			<img class='r-img' onerror='this.style.display="none"' data-featherlight='C:\workspace\DollarDaysProject\Screenshots\TC_verifyLoginPageMandatoryfields20210813_153911.png' src='C:\workspace\DollarDaysProject\Screenshots\TC_verifyLoginPageMandatoryfields20210813_153911.png'>
	</ul>
</div>
					</div>
				</li>
				<li class="test-item"  status="pass" test-id="5"
					author=""
					tag=""
					device="">
					<div class="status-avatar pass-bg">
						<i class="fa fa-check text-white"></i>
					</div>
					<div class="open-test">
						<div class="test-detail">
							<p class="name">TC_verifyForgotEmailPasswordLink</p>
							<p class="duration text-sm">0h 0m 2s+476ms</p>
							<span class="datetime">15:39:11 PM</span>
						</div>
					</div>
					<div class="test-contents d-none">
						<div class="detail-head">
							<div class="p-v-10 d-inline-block">
								<div class="info">
									<h5 class="test-status text-pass">TC_verifyForgotEmailPasswordLink</h5>
									<span class='badge badge-success'>08.13.2021 15:39:11</span>
									<span class='badge badge-danger'>08.13.2021 15:39:14</span>
									<span class='badge badge-default'>0h 0m 2s+476ms</span>
								</div>
								<div class="m-t-10 m-l-5">
									
								</div>
							</div>
						</div>
<div class="detail-body mt-4">                                              
<table class="table table-sm">
	<thead><tr>
		<th class="status-col">Status</th>
		<th class="timestamp-col">Timestamp</th>
		<th class="details-col">Details</th>
	</tr></thead>
	<tbody>
			<tr class="event-row">
				<td><i class="fa fa-info text-info"></i></td>
				<td>3:39:11 PM</td>
				<td>
						TC_verifyForgotEmailPasswordLink Test is starting.  TestCase verifies the navigation of Forgot password link .
				</td>
			</tr>
			<tr class="event-row">
				<td><i class="fa fa-check text-pass"></i></td>
				<td>3:39:14 PM</td>
				<td>
						TC_verifyForgotEmailPasswordLink Test Passed
				</td>
			</tr>
	</tbody>
</table>
</div>
<div class="detail-foot">
	<ul class="attachments">
			<img class='r-img' onerror='this.style.display="none"' data-featherlight='C:\workspace\DollarDaysProject\Screenshots\TC_verifyForgotEmailPasswordLink20210813_153914.png' src='C:\workspace\DollarDaysProject\Screenshots\TC_verifyForgotEmailPasswordLink20210813_153914.png'>
	</ul>
</div>
					</div>
				</li>
				<li class="test-item"  status="fail" test-id="6"
					author=""
					tag=""
					device="">
					<div class="status-avatar fail-bg">
						<i class="fa fa-times text-white"></i>
					</div>
					<div class="open-test">
						<div class="test-detail">
							<p class="name">TC_loginDDT</p>
							<p class="duration text-sm">0h 1m 1s+710ms</p>
							<span class="datetime">15:39:13 PM</span>
						</div>
					</div>
					<div class="test-contents d-none">
						<div class="detail-head">
							<div class="p-v-10 d-inline-block">
								<div class="info">
									<h5 class="test-status text-fail">TC_loginDDT</h5>
									<span class='badge badge-success'>08.13.2021 15:39:13</span>
									<span class='badge badge-danger'>08.13.2021 15:40:14</span>
									<span class='badge badge-default'>0h 1m 1s+710ms</span>
								</div>
								<div class="m-t-10 m-l-5">
									
								</div>
							</div>
						</div>
<div class="detail-body mt-4">                                              
<table class="table table-sm">
	<thead><tr>
		<th class="status-col">Status</th>
		<th class="timestamp-col">Timestamp</th>
		<th class="details-col">Details</th>
	</tr></thead>
	<tbody>
			<tr class="event-row">
				<td><i class="fa fa-info text-info"></i></td>
				<td>3:39:13 PM</td>
				<td>
						TC_loginDDT Test is starting. This Testcase checks for logging in functionality using valid and invalid username/password combinations
				</td>
			</tr>
			<tr class="event-row">
				<td><i class="fa fa-times text-fail"></i></td>
				<td>3:40:14 PM</td>
				<td>
						<textarea disabled class="code-block">java.lang.AssertionError: Could not sign in to DollarDays with valid user user123@gmail.com and valid password pwd2. TestCase Failed. expected [true] but found [false]
	at org.testng.Assert.fail(Assert.java:96)
	at org.testng.Assert.failNotEquals(Assert.java:776)
	at org.testng.Assert.assertEqualsImpl(Assert.java:137)
	at org.testng.Assert.assertEquals(Assert.java:118)
	at org.testng.Assert.assertEquals(Assert.java:568)
	at com.DollarDays.testCases.LoginDataDriverTest.TC_loginDDT(LoginDataDriverTest.java:71)
	at sun.reflect.NativeMethodAccessorImpl.invoke0(Native Method)
	at sun.reflect.NativeMethodAccessorImpl.invoke(Unknown Source)
	at sun.reflect.DelegatingMethodAccessorImpl.invoke(Unknown Source)
	at java.lang.reflect.Method.invoke(Unknown Source)
	at org.testng.internal.MethodInvocationHelper.invokeMethod(MethodInvocationHelper.java:124)
	at org.testng.internal.Invoker.invokeMethod(Invoker.java:583)
	at org.testng.internal.Invoker.invokeTestMethod(Invoker.java:719)
	at org.testng.internal.Invoker.invokeTestMethods(Invoker.java:989)
	at org.testng.internal.TestMethodWorker.invokeTestMethods(TestMethodWorker.java:125)
	at org.testng.internal.TestMethodWorker.run(TestMethodWorker.java:109)
	at org.testng.TestRunner.privateRun(TestRunner.java:648)
	at org.testng.TestRunner.run(TestRunner.java:505)
	at org.testng.SuiteRunner.runTest(SuiteRunner.java:455)
	at org.testng.SuiteRunner.access$000(SuiteRunner.java:40)
	at org.testng.SuiteRunner$SuiteWorker.run(SuiteRunner.java:489)
	at org.testng.internal.thread.ThreadUtil$1.call(ThreadUtil.java:52)
	at java.util.concurrent.FutureTask.run(Unknown Source)
	at java.util.concurrent.ThreadPoolExecutor.runWorker(Unknown Source)
	at java.util.concurrent.ThreadPoolExecutor$Worker.run(Unknown Source)
	at java.lang.Thread.run(Unknown Source)
</textarea>
				</td>
			</tr>
			<tr class="event-row">
				<td><i class="fa fa-info text-info"></i></td>
				<td>3:40:14 PM</td>
				<td>
						TC_loginDDT test failed.
				</td>
			</tr>
	</tbody>
</table>
</div>
<div class="detail-foot">
	<ul class="attachments">
			<img class='r-img' onerror='this.style.display="none"' data-featherlight='C:\workspace\DollarDaysProject\Screenshots\TC_loginDDT20210813_154014.png' src='C:\workspace\DollarDaysProject\Screenshots\TC_loginDDT20210813_154014.png'>
	</ul>
</div>
					</div>
				</li>
				<li class="test-item"  status="pass" test-id="7"
					author=""
					tag=""
					device="">
					<div class="status-avatar pass-bg">
						<i class="fa fa-check text-white"></i>
					</div>
					<div class="open-test">
						<div class="test-detail">
							<p class="name">TC_verifyCreateAccountButton</p>
							<p class="duration text-sm">0h 0m 11s+732ms</p>
							<span class="datetime">15:39:14 PM</span>
						</div>
					</div>
					<div class="test-contents d-none">
						<div class="detail-head">
							<div class="p-v-10 d-inline-block">
								<div class="info">
									<h5 class="test-status text-pass">TC_verifyCreateAccountButton</h5>
									<span class='badge badge-success'>08.13.2021 15:39:14</span>
									<span class='badge badge-danger'>08.13.2021 15:39:26</span>
									<span class='badge badge-default'>0h 0m 11s+732ms</span>
								</div>
								<div class="m-t-10 m-l-5">
									
								</div>
							</div>
						</div>
<div class="detail-body mt-4">                                              
<table class="table table-sm">
	<thead><tr>
		<th class="status-col">Status</th>
		<th class="timestamp-col">Timestamp</th>
		<th class="details-col">Details</th>
	</tr></thead>
	<tbody>
			<tr class="event-row">
				<td><i class="fa fa-info text-info"></i></td>
				<td>3:39:14 PM</td>
				<td>
						TC_verifyCreateAccountButton Test is starting.  TestCase verifies functionality of CreateAccount button .
				</td>
			</tr>
			<tr class="event-row">
				<td><i class="fa fa-check text-pass"></i></td>
				<td>3:39:26 PM</td>
				<td>
						TC_verifyCreateAccountButton Test Passed
				</td>
			</tr>
	</tbody>
</table>
</div>
<div class="detail-foot">
	<ul class="attachments">
			<img class='r-img' onerror='this.style.display="none"' data-featherlight='C:\workspace\DollarDaysProject\Screenshots\TC_verifyCreateAccountButton20210813_153926.png' src='C:\workspace\DollarDaysProject\Screenshots\TC_verifyCreateAccountButton20210813_153926.png'>
	</ul>
</div>
					</div>
				</li>
				<li class="test-item"  status="fail" test-id="8"
					author=""
					tag=""
					device="">
					<div class="status-avatar fail-bg">
						<i class="fa fa-times text-white"></i>
					</div>
					<div class="open-test">
						<div class="test-detail">
							<p class="name">TC_logintoDD</p>
							<p class="duration text-sm">0h 0m 21s+873ms</p>
							<span class="datetime">15:39:26 PM</span>
						</div>
					</div>
					<div class="test-contents d-none">
						<div class="detail-head">
							<div class="p-v-10 d-inline-block">
								<div class="info">
									<h5 class="test-status text-fail">TC_logintoDD</h5>
									<span class='badge badge-success'>08.13.2021 15:39:26</span>
									<span class='badge badge-danger'>08.13.2021 15:39:48</span>
									<span class='badge badge-default'>0h 0m 21s+873ms</span>
								</div>
								<div class="m-t-10 m-l-5">
									
								</div>
							</div>
						</div>
<div class="detail-body mt-4">                                              
<table class="table table-sm">
	<thead><tr>
		<th class="status-col">Status</th>
		<th class="timestamp-col">Timestamp</th>
		<th class="details-col">Details</th>
	</tr></thead>
	<tbody>
			<tr class="event-row">
				<td><i class="fa fa-info text-info"></i></td>
				<td>3:39:26 PM</td>
				<td>
						TC_logintoDD Test is starting. Testcase checks if the user is able to login successfully with valid username/password combination
				</td>
			</tr>
			<tr class="event-row">
				<td><i class="fa fa-times text-fail"></i></td>
				<td>3:39:48 PM</td>
				<td>
						<textarea disabled class="code-block">java.lang.AssertionError: Could not Login to Dollardays with valid credentials.  Testcase failed expected [true] but found [false]
	at org.testng.Assert.fail(Assert.java:96)
	at org.testng.Assert.failNotEquals(Assert.java:776)
	at org.testng.Assert.assertEqualsImpl(Assert.java:137)
	at org.testng.Assert.assertEquals(Assert.java:118)
	at org.testng.Assert.assertEquals(Assert.java:568)
	at com.DollarDays.testCases.LoginPageTest.TC_logintoDD(LoginPageTest.java:114)
	at sun.reflect.NativeMethodAccessorImpl.invoke0(Native Method)
	at sun.reflect.NativeMethodAccessorImpl.invoke(Unknown Source)
	at sun.reflect.DelegatingMethodAccessorImpl.invoke(Unknown Source)
	at java.lang.reflect.Method.invoke(Unknown Source)
	at org.testng.internal.MethodInvocationHelper.invokeMethod(MethodInvocationHelper.java:124)
	at org.testng.internal.Invoker.invokeMethod(Invoker.java:583)
	at org.testng.internal.Invoker.invokeTestMethod(Invoker.java:719)
	at org.testng.internal.Invoker.invokeTestMethods(Invoker.java:989)
	at org.testng.internal.TestMethodWorker.invokeTestMethods(TestMethodWorker.java:125)
	at org.testng.internal.TestMethodWorker.run(TestMethodWorker.java:109)
	at org.testng.TestRunner.privateRun(TestRunner.java:648)
	at org.testng.TestRunner.run(TestRunner.java:505)
	at org.testng.SuiteRunner.runTest(SuiteRunner.java:455)
	at org.testng.SuiteRunner.access$000(SuiteRunner.java:40)
	at org.testng.SuiteRunner$SuiteWorker.run(SuiteRunner.java:489)
	at org.testng.internal.thread.ThreadUtil$1.call(ThreadUtil.java:52)
	at java.util.concurrent.FutureTask.run(Unknown Source)
	at java.util.concurrent.ThreadPoolExecutor.runWorker(Unknown Source)
	at java.util.concurrent.ThreadPoolExecutor$Worker.run(Unknown Source)
	at java.lang.Thread.run(Unknown Source)
</textarea>
				</td>
			</tr>
			<tr class="event-row">
				<td><i class="fa fa-info text-info"></i></td>
				<td>3:39:48 PM</td>
				<td>
						TC_logintoDD test failed.
				</td>
			</tr>
	</tbody>
</table>
</div>
<div class="detail-foot">
	<ul class="attachments">
			<img class='r-img' onerror='this.style.display="none"' data-featherlight='C:\workspace\DollarDaysProject\Screenshots\TC_logintoDD20210813_153948.png' src='C:\workspace\DollarDaysProject\Screenshots\TC_logintoDD20210813_153948.png'>
	</ul>
</div>
					</div>
				</li>
				<li class="test-item"  status="pass" test-id="9"
					author=""
					tag=""
					device="">
					<div class="status-avatar pass-bg">
						<i class="fa fa-check text-white"></i>
					</div>
					<div class="open-test">
						<div class="test-detail">
							<p class="name">TC_verifyAddressBookPageTitle</p>
							<p class="duration text-sm">0h 0m 0s+104ms</p>
							<span class="datetime">15:39:46 PM</span>
						</div>
					</div>
					<div class="test-contents d-none">
						<div class="detail-head">
							<div class="p-v-10 d-inline-block">
								<div class="info">
									<h5 class="test-status text-pass">TC_verifyAddressBookPageTitle</h5>
									<span class='badge badge-success'>08.13.2021 15:39:46</span>
									<span class='badge badge-danger'>08.13.2021 15:39:46</span>
									<span class='badge badge-default'>0h 0m 0s+104ms</span>
								</div>
								<div class="m-t-10 m-l-5">
									
								</div>
							</div>
						</div>
<div class="detail-body mt-4">                                              
<table class="table table-sm">
	<thead><tr>
		<th class="status-col">Status</th>
		<th class="timestamp-col">Timestamp</th>
		<th class="details-col">Details</th>
	</tr></thead>
	<tbody>
			<tr class="event-row">
				<td><i class="fa fa-info text-info"></i></td>
				<td>3:39:46 PM</td>
				<td>
						TC_verifyAddressBookPageTitle Test is starting. TestCase verifies AddressBookPage Title is displayed correctly.
				</td>
			</tr>
			<tr class="event-row">
				<td><i class="fa fa-check text-pass"></i></td>
				<td>3:39:46 PM</td>
				<td>
						TC_verifyAddressBookPageTitle Test Passed
				</td>
			</tr>
	</tbody>
</table>
</div>
<div class="detail-foot">
	<ul class="attachments">
			<img class='r-img' onerror='this.style.display="none"' data-featherlight='C:\workspace\DollarDaysProject\Screenshots\TC_verifyAddressBookPageTitle20210813_153946.png' src='C:\workspace\DollarDaysProject\Screenshots\TC_verifyAddressBookPageTitle20210813_153946.png'>
	</ul>
</div>
					</div>
				</li>
				<li class="test-item"  status="pass" test-id="10"
					author=""
					tag=""
					device="">
					<div class="status-avatar pass-bg">
						<i class="fa fa-check text-white"></i>
					</div>
					<div class="open-test">
						<div class="test-detail">
							<p class="name">TC_verifyAddressBookPageHeading</p>
							<p class="duration text-sm">0h 0m 0s+145ms</p>
							<span class="datetime">15:39:47 PM</span>
						</div>
					</div>
					<div class="test-contents d-none">
						<div class="detail-head">
							<div class="p-v-10 d-inline-block">
								<div class="info">
									<h5 class="test-status text-pass">TC_verifyAddressBookPageHeading</h5>
									<span class='badge badge-success'>08.13.2021 15:39:47</span>
									<span class='badge badge-danger'>08.13.2021 15:39:47</span>
									<span class='badge badge-default'>0h 0m 0s+145ms</span>
								</div>
								<div class="m-t-10 m-l-5">
									
								</div>
							</div>
						</div>
<div class="detail-body mt-4">                                              
<table class="table table-sm">
	<thead><tr>
		<th class="status-col">Status</th>
		<th class="timestamp-col">Timestamp</th>
		<th class="details-col">Details</th>
	</tr></thead>
	<tbody>
			<tr class="event-row">
				<td><i class="fa fa-info text-info"></i></td>
				<td>3:39:47 PM</td>
				<td>
						TC_verifyAddressBookPageHeading Test is starting. TestCase verifies AddressBookPage Header is displayed correctly.
				</td>
			</tr>
			<tr class="event-row">
				<td><i class="fa fa-check text-pass"></i></td>
				<td>3:39:47 PM</td>
				<td>
						TC_verifyAddressBookPageHeading Test Passed
				</td>
			</tr>
	</tbody>
</table>
</div>
<div class="detail-foot">
	<ul class="attachments">
			<img class='r-img' onerror='this.style.display="none"' data-featherlight='C:\workspace\DollarDaysProject\Screenshots\TC_verifyAddressBookPageHeading20210813_153947.png' src='C:\workspace\DollarDaysProject\Screenshots\TC_verifyAddressBookPageHeading20210813_153947.png'>
	</ul>
</div>
					</div>
				</li>
				<li class="test-item"  status="pass" test-id="11"
					author=""
					tag=""
					device="">
					<div class="status-avatar pass-bg">
						<i class="fa fa-check text-white"></i>
					</div>
					<div class="open-test">
						<div class="test-detail">
							<p class="name">TC_verifyAddNewShipToAddressLinkDisplay</p>
							<p class="duration text-sm">0h 0m 0s+69ms</p>
							<span class="datetime">15:39:48 PM</span>
						</div>
					</div>
					<div class="test-contents d-none">
						<div class="detail-head">
							<div class="p-v-10 d-inline-block">
								<div class="info">
									<h5 class="test-status text-pass">TC_verifyAddNewShipToAddressLinkDisplay</h5>
									<span class='badge badge-success'>08.13.2021 15:39:48</span>
									<span class='badge badge-danger'>08.13.2021 15:39:48</span>
									<span class='badge badge-default'>0h 0m 0s+69ms</span>
								</div>
								<div class="m-t-10 m-l-5">
									
								</div>
							</div>
						</div>
<div class="detail-body mt-4">                                              
<table class="table table-sm">
	<thead><tr>
		<th class="status-col">Status</th>
		<th class="timestamp-col">Timestamp</th>
		<th class="details-col">Details</th>
	</tr></thead>
	<tbody>
			<tr class="event-row">
				<td><i class="fa fa-info text-info"></i></td>
				<td>3:39:48 PM</td>
				<td>
						TC_verifyAddNewShipToAddressLinkDisplay Test is starting. TestCase verifies Add A NEW SHIP-TO ADDRESS Link is displayed.
				</td>
			</tr>
			<tr class="event-row">
				<td><i class="fa fa-check text-pass"></i></td>
				<td>3:39:48 PM</td>
				<td>
						TC_verifyAddNewShipToAddressLinkDisplay Test Passed
				</td>
			</tr>
	</tbody>
</table>
</div>
<div class="detail-foot">
	<ul class="attachments">
			<img class='r-img' onerror='this.style.display="none"' data-featherlight='C:\workspace\DollarDaysProject\Screenshots\TC_verifyAddNewShipToAddressLinkDisplay20210813_153948.png' src='C:\workspace\DollarDaysProject\Screenshots\TC_verifyAddNewShipToAddressLinkDisplay20210813_153948.png'>
	</ul>
</div>
					</div>
				</li>
				<li class="test-item"  status="pass" test-id="12"
					author=""
					tag=""
					device="">
					<div class="status-avatar pass-bg">
						<i class="fa fa-check text-white"></i>
					</div>
					<div class="open-test">
						<div class="test-detail">
							<p class="name">TC_verifyAddressBookLeftPanelLinksDisplay</p>
							<p class="duration text-sm">0h 0m 0s+246ms</p>
							<span class="datetime">15:39:49 PM</span>
						</div>
					</div>
					<div class="test-contents d-none">
						<div class="detail-head">
							<div class="p-v-10 d-inline-block">
								<div class="info">
									<h5 class="test-status text-pass">TC_verifyAddressBookLeftPanelLinksDisplay</h5>
									<span class='badge badge-success'>08.13.2021 15:39:49</span>
									<span class='badge badge-danger'>08.13.2021 15:39:49</span>
									<span class='badge badge-default'>0h 0m 0s+246ms</span>
								</div>
								<div class="m-t-10 m-l-5">
									
								</div>
							</div>
						</div>
<div class="detail-body mt-4">                                              
<table class="table table-sm">
	<thead><tr>
		<th class="status-col">Status</th>
		<th class="timestamp-col">Timestamp</th>
		<th class="details-col">Details</th>
	</tr></thead>
	<tbody>
			<tr class="event-row">
				<td><i class="fa fa-info text-info"></i></td>
				<td>3:39:49 PM</td>
				<td>
						TC_verifyAddressBookLeftPanelLinksDisplay Test is starting. TestCase verifies AddressBook LeftPanel LinkTexts are displayed correctly.
				</td>
			</tr>
			<tr class="event-row">
				<td><i class="fa fa-check text-pass"></i></td>
				<td>3:39:49 PM</td>
				<td>
						TC_verifyAddressBookLeftPanelLinksDisplay Test Passed
				</td>
			</tr>
	</tbody>
</table>
</div>
<div class="detail-foot">
	<ul class="attachments">
			<img class='r-img' onerror='this.style.display="none"' data-featherlight='C:\workspace\DollarDaysProject\Screenshots\TC_verifyAddressBookLeftPanelLinksDisplay20210813_153949.png' src='C:\workspace\DollarDaysProject\Screenshots\TC_verifyAddressBookLeftPanelLinksDisplay20210813_153949.png'>
	</ul>
</div>
					</div>
				</li>
				<li class="test-item"  status="pass" test-id="13"
					author=""
					tag=""
					device="">
					<div class="status-avatar pass-bg">
						<i class="fa fa-check text-white"></i>
					</div>
					<div class="open-test">
						<div class="test-detail">
							<p class="name">TC_verifyAddressBookLinksNavigations</p>
							<p class="duration text-sm">0h 0m 8s+3ms</p>
							<span class="datetime">15:39:50 PM</span>
						</div>
					</div>
					<div class="test-contents d-none">
						<div class="detail-head">
							<div class="p-v-10 d-inline-block">
								<div class="info">
									<h5 class="test-status text-pass">TC_verifyAddressBookLinksNavigations</h5>
									<span class='badge badge-success'>08.13.2021 15:39:50</span>
									<span class='badge badge-danger'>08.13.2021 15:39:58</span>
									<span class='badge badge-default'>0h 0m 8s+3ms</span>
								</div>
								<div class="m-t-10 m-l-5">
									
								</div>
							</div>
						</div>
<div class="detail-body mt-4">                                              
<table class="table table-sm">
	<thead><tr>
		<th class="status-col">Status</th>
		<th class="timestamp-col">Timestamp</th>
		<th class="details-col">Details</th>
	</tr></thead>
	<tbody>
			<tr class="event-row">
				<td><i class="fa fa-info text-info"></i></td>
				<td>3:39:50 PM</td>
				<td>
						TC_verifyAddressBookLinksNavigations Test is starting. TestCase verifies AddressBook LeftPanel Links are navigating correctly.
				</td>
			</tr>
			<tr class="event-row">
				<td><i class="fa fa-check text-pass"></i></td>
				<td>3:39:58 PM</td>
				<td>
						TC_verifyAddressBookLinksNavigations Test Passed
				</td>
			</tr>
	</tbody>
</table>
</div>
<div class="detail-foot">
	<ul class="attachments">
			<img class='r-img' onerror='this.style.display="none"' data-featherlight='C:\workspace\DollarDaysProject\Screenshots\TC_verifyAddressBookLinksNavigations20210813_153958.png' src='C:\workspace\DollarDaysProject\Screenshots\TC_verifyAddressBookLinksNavigations20210813_153958.png'>
	</ul>
</div>
					</div>
				</li>
				<li class="test-item"  status="pass" test-id="14"
					author=""
					tag=""
					device="">
					<div class="status-avatar pass-bg">
						<i class="fa fa-check text-white"></i>
					</div>
					<div class="open-test">
						<div class="test-detail">
							<p class="name">TC_verifyAddressBookLinksNavigations</p>
							<p class="duration text-sm">0h 0m 3s+475ms</p>
							<span class="datetime">15:39:59 PM</span>
						</div>
					</div>
					<div class="test-contents d-none">
						<div class="detail-head">
							<div class="p-v-10 d-inline-block">
								<div class="info">
									<h5 class="test-status text-pass">TC_verifyAddressBookLinksNavigations</h5>
									<span class='badge badge-success'>08.13.2021 15:39:59</span>
									<span class='badge badge-danger'>08.13.2021 15:40:02</span>
									<span class='badge badge-default'>0h 0m 3s+475ms</span>
								</div>
								<div class="m-t-10 m-l-5">
									
								</div>
							</div>
						</div>
<div class="detail-body mt-4">                                              
<table class="table table-sm">
	<thead><tr>
		<th class="status-col">Status</th>
		<th class="timestamp-col">Timestamp</th>
		<th class="details-col">Details</th>
	</tr></thead>
	<tbody>
			<tr class="event-row">
				<td><i class="fa fa-info text-info"></i></td>
				<td>3:39:59 PM</td>
				<td>
						TC_verifyAddressBookLinksNavigations Test is starting. TestCase verifies AddressBook LeftPanel Links are navigating correctly.
				</td>
			</tr>
			<tr class="event-row">
				<td><i class="fa fa-check text-pass"></i></td>
				<td>3:40:02 PM</td>
				<td>
						TC_verifyAddressBookLinksNavigations Test Passed
				</td>
			</tr>
	</tbody>
</table>
</div>
<div class="detail-foot">
	<ul class="attachments">
			<img class='r-img' onerror='this.style.display="none"' data-featherlight='C:\workspace\DollarDaysProject\Screenshots\TC_verifyAddressBookLinksNavigations20210813_154002.png' src='C:\workspace\DollarDaysProject\Screenshots\TC_verifyAddressBookLinksNavigations20210813_154002.png'>
	</ul>
</div>
					</div>
				</li>
				<li class="test-item"  status="pass" test-id="15"
					author=""
					tag=""
					device="">
					<div class="status-avatar pass-bg">
						<i class="fa fa-check text-white"></i>
					</div>
					<div class="open-test">
						<div class="test-detail">
							<p class="name">TC_verifyAddressBookLinksNavigations</p>
							<p class="duration text-sm">0h 0m 2s+754ms</p>
							<span class="datetime">15:40:03 PM</span>
						</div>
					</div>
					<div class="test-contents d-none">
						<div class="detail-head">
							<div class="p-v-10 d-inline-block">
								<div class="info">
									<h5 class="test-status text-pass">TC_verifyAddressBookLinksNavigations</h5>
									<span class='badge badge-success'>08.13.2021 15:40:03</span>
									<span class='badge badge-danger'>08.13.2021 15:40:05</span>
									<span class='badge badge-default'>0h 0m 2s+754ms</span>
								</div>
								<div class="m-t-10 m-l-5">
									
								</div>
							</div>
						</div>
<div class="detail-body mt-4">                                              
<table class="table table-sm">
	<thead><tr>
		<th class="status-col">Status</th>
		<th class="timestamp-col">Timestamp</th>
		<th class="details-col">Details</th>
	</tr></thead>
	<tbody>
			<tr class="event-row">
				<td><i class="fa fa-info text-info"></i></td>
				<td>3:40:03 PM</td>
				<td>
						TC_verifyAddressBookLinksNavigations Test is starting. TestCase verifies AddressBook LeftPanel Links are navigating correctly.
				</td>
			</tr>
			<tr class="event-row">
				<td><i class="fa fa-check text-pass"></i></td>
				<td>3:40:05 PM</td>
				<td>
						TC_verifyAddressBookLinksNavigations Test Passed
				</td>
			</tr>
	</tbody>
</table>
</div>
<div class="detail-foot">
	<ul class="attachments">
			<img class='r-img' onerror='this.style.display="none"' data-featherlight='C:\workspace\DollarDaysProject\Screenshots\TC_verifyAddressBookLinksNavigations20210813_154005.png' src='C:\workspace\DollarDaysProject\Screenshots\TC_verifyAddressBookLinksNavigations20210813_154005.png'>
	</ul>
</div>
					</div>
				</li>
				<li class="test-item"  status="pass" test-id="16"
					author=""
					tag=""
					device="">
					<div class="status-avatar pass-bg">
						<i class="fa fa-check text-white"></i>
					</div>
					<div class="open-test">
						<div class="test-detail">
							<p class="name">TC_verifyAddressBookLinksNavigations</p>
							<p class="duration text-sm">0h 0m 8s+678ms</p>
							<span class="datetime">15:40:06 PM</span>
						</div>
					</div>
					<div class="test-contents d-none">
						<div class="detail-head">
							<div class="p-v-10 d-inline-block">
								<div class="info">
									<h5 class="test-status text-pass">TC_verifyAddressBookLinksNavigations</h5>
									<span class='badge badge-success'>08.13.2021 15:40:06</span>
									<span class='badge badge-danger'>08.13.2021 15:40:15</span>
									<span class='badge badge-default'>0h 0m 8s+678ms</span>
								</div>
								<div class="m-t-10 m-l-5">
									
								</div>
							</div>
						</div>
<div class="detail-body mt-4">                                              
<table class="table table-sm">
	<thead><tr>
		<th class="status-col">Status</th>
		<th class="timestamp-col">Timestamp</th>
		<th class="details-col">Details</th>
	</tr></thead>
	<tbody>
			<tr class="event-row">
				<td><i class="fa fa-info text-info"></i></td>
				<td>3:40:06 PM</td>
				<td>
						TC_verifyAddressBookLinksNavigations Test is starting. TestCase verifies AddressBook LeftPanel Links are navigating correctly.
				</td>
			</tr>
			<tr class="event-row">
				<td><i class="fa fa-check text-pass"></i></td>
				<td>3:40:15 PM</td>
				<td>
						TC_verifyAddressBookLinksNavigations Test Passed
				</td>
			</tr>
	</tbody>
</table>
</div>
<div class="detail-foot">
	<ul class="attachments">
			<img class='r-img' onerror='this.style.display="none"' data-featherlight='C:\workspace\DollarDaysProject\Screenshots\TC_verifyAddressBookLinksNavigations20210813_154015.png' src='C:\workspace\DollarDaysProject\Screenshots\TC_verifyAddressBookLinksNavigations20210813_154015.png'>
	</ul>
</div>
					</div>
				</li>
				<li class="test-item"  status="pass" test-id="17"
					author=""
					tag=""
					device="">
					<div class="status-avatar pass-bg">
						<i class="fa fa-check text-white"></i>
					</div>
					<div class="open-test">
						<div class="test-detail">
							<p class="name">TC_verifyAddressBookLinksNavigations</p>
							<p class="duration text-sm">0h 0m 4s+29ms</p>
							<span class="datetime">15:40:15 PM</span>
						</div>
					</div>
					<div class="test-contents d-none">
						<div class="detail-head">
							<div class="p-v-10 d-inline-block">
								<div class="info">
									<h5 class="test-status text-pass">TC_verifyAddressBookLinksNavigations</h5>
									<span class='badge badge-success'>08.13.2021 15:40:15</span>
									<span class='badge badge-danger'>08.13.2021 15:40:19</span>
									<span class='badge badge-default'>0h 0m 4s+29ms</span>
								</div>
								<div class="m-t-10 m-l-5">
									
								</div>
							</div>
						</div>
<div class="detail-body mt-4">                                              
<table class="table table-sm">
	<thead><tr>
		<th class="status-col">Status</th>
		<th class="timestamp-col">Timestamp</th>
		<th class="details-col">Details</th>
	</tr></thead>
	<tbody>
			<tr class="event-row">
				<td><i class="fa fa-info text-info"></i></td>
				<td>3:40:15 PM</td>
				<td>
						TC_verifyAddressBookLinksNavigations Test is starting. TestCase verifies AddressBook LeftPanel Links are navigating correctly.
				</td>
			</tr>
			<tr class="event-row">
				<td><i class="fa fa-check text-pass"></i></td>
				<td>3:40:19 PM</td>
				<td>
						TC_verifyAddressBookLinksNavigations Test Passed
				</td>
			</tr>
	</tbody>
</table>
</div>
<div class="detail-foot">
	<ul class="attachments">
			<img class='r-img' onerror='this.style.display="none"' data-featherlight='C:\workspace\DollarDaysProject\Screenshots\TC_verifyAddressBookLinksNavigations20210813_154019.png' src='C:\workspace\DollarDaysProject\Screenshots\TC_verifyAddressBookLinksNavigations20210813_154019.png'>
	</ul>
</div>
					</div>
				</li>
				<li class="test-item"  status="pass" test-id="18"
					author=""
					tag=""
					device="">
					<div class="status-avatar pass-bg">
						<i class="fa fa-check text-white"></i>
					</div>
					<div class="open-test">
						<div class="test-detail">
							<p class="name">TC_loginDDT</p>
							<p class="duration text-sm">0h 4m 8s+136ms</p>
							<span class="datetime">15:40:16 PM</span>
						</div>
					</div>
					<div class="test-contents d-none">
						<div class="detail-head">
							<div class="p-v-10 d-inline-block">
								<div class="info">
									<h5 class="test-status text-pass">TC_loginDDT</h5>
									<span class='badge badge-success'>08.13.2021 15:40:16</span>
									<span class='badge badge-danger'>08.13.2021 15:44:24</span>
									<span class='badge badge-default'>0h 4m 8s+136ms</span>
								</div>
								<div class="m-t-10 m-l-5">
									
								</div>
							</div>
						</div>
<div class="detail-body mt-4">                                              
<table class="table table-sm">
	<thead><tr>
		<th class="status-col">Status</th>
		<th class="timestamp-col">Timestamp</th>
		<th class="details-col">Details</th>
	</tr></thead>
	<tbody>
			<tr class="event-row">
				<td><i class="fa fa-info text-info"></i></td>
				<td>3:40:16 PM</td>
				<td>
						TC_loginDDT Test is starting. This Testcase checks for logging in functionality using valid and invalid username/password combinations
				</td>
			</tr>
			<tr class="event-row">
				<td><i class="fa fa-check text-pass"></i></td>
				<td>3:44:24 PM</td>
				<td>
						TC_loginDDT Test Passed
				</td>
			</tr>
	</tbody>
</table>
</div>
<div class="detail-foot">
	<ul class="attachments">
			<img class='r-img' onerror='this.style.display="none"' data-featherlight='C:\workspace\DollarDaysProject\Screenshots\TC_loginDDT20210813_154424.png' src='C:\workspace\DollarDaysProject\Screenshots\TC_loginDDT20210813_154424.png'>
	</ul>
</div>
					</div>
				</li>
				<li class="test-item"  status="pass" test-id="19"
					author=""
					tag=""
					device="">
					<div class="status-avatar pass-bg">
						<i class="fa fa-check text-white"></i>
					</div>
					<div class="open-test">
						<div class="test-detail">
							<p class="name">TC_verifyAddressBookLinksNavigations</p>
							<p class="duration text-sm">0h 0m 3s+631ms</p>
							<span class="datetime">15:40:20 PM</span>
						</div>
					</div>
					<div class="test-contents d-none">
						<div class="detail-head">
							<div class="p-v-10 d-inline-block">
								<div class="info">
									<h5 class="test-status text-pass">TC_verifyAddressBookLinksNavigations</h5>
									<span class='badge badge-success'>08.13.2021 15:40:20</span>
									<span class='badge badge-danger'>08.13.2021 15:40:23</span>
									<span class='badge badge-default'>0h 0m 3s+631ms</span>
								</div>
								<div class="m-t-10 m-l-5">
									
								</div>
							</div>
						</div>
<div class="detail-body mt-4">                                              
<table class="table table-sm">
	<thead><tr>
		<th class="status-col">Status</th>
		<th class="timestamp-col">Timestamp</th>
		<th class="details-col">Details</th>
	</tr></thead>
	<tbody>
			<tr class="event-row">
				<td><i class="fa fa-info text-info"></i></td>
				<td>3:40:20 PM</td>
				<td>
						TC_verifyAddressBookLinksNavigations Test is starting. TestCase verifies AddressBook LeftPanel Links are navigating correctly.
				</td>
			</tr>
			<tr class="event-row">
				<td><i class="fa fa-check text-pass"></i></td>
				<td>3:40:23 PM</td>
				<td>
						TC_verifyAddressBookLinksNavigations Test Passed
				</td>
			</tr>
	</tbody>
</table>
</div>
<div class="detail-foot">
	<ul class="attachments">
			<img class='r-img' onerror='this.style.display="none"' data-featherlight='C:\workspace\DollarDaysProject\Screenshots\TC_verifyAddressBookLinksNavigations20210813_154023.png' src='C:\workspace\DollarDaysProject\Screenshots\TC_verifyAddressBookLinksNavigations20210813_154023.png'>
	</ul>
</div>
					</div>
				</li>
				<li class="test-item"  status="pass" test-id="20"
					author=""
					tag=""
					device="">
					<div class="status-avatar pass-bg">
						<i class="fa fa-check text-white"></i>
					</div>
					<div class="open-test">
						<div class="test-detail">
							<p class="name">TC_verifyAddressBookLinksNavigations</p>
							<p class="duration text-sm">0h 0m 6s+278ms</p>
							<span class="datetime">15:40:27 PM</span>
						</div>
					</div>
					<div class="test-contents d-none">
						<div class="detail-head">
							<div class="p-v-10 d-inline-block">
								<div class="info">
									<h5 class="test-status text-pass">TC_verifyAddressBookLinksNavigations</h5>
									<span class='badge badge-success'>08.13.2021 15:40:27</span>
									<span class='badge badge-danger'>08.13.2021 15:40:33</span>
									<span class='badge badge-default'>0h 0m 6s+278ms</span>
								</div>
								<div class="m-t-10 m-l-5">
									
								</div>
							</div>
						</div>
<div class="detail-body mt-4">                                              
<table class="table table-sm">
	<thead><tr>
		<th class="status-col">Status</th>
		<th class="timestamp-col">Timestamp</th>
		<th class="details-col">Details</th>
	</tr></thead>
	<tbody>
			<tr class="event-row">
				<td><i class="fa fa-info text-info"></i></td>
				<td>3:40:27 PM</td>
				<td>
						TC_verifyAddressBookLinksNavigations Test is starting. TestCase verifies AddressBook LeftPanel Links are navigating correctly.
				</td>
			</tr>
			<tr class="event-row">
				<td><i class="fa fa-check text-pass"></i></td>
				<td>3:40:33 PM</td>
				<td>
						TC_verifyAddressBookLinksNavigations Test Passed
				</td>
			</tr>
	</tbody>
</table>
</div>
<div class="detail-foot">
	<ul class="attachments">
			<img class='r-img' onerror='this.style.display="none"' data-featherlight='C:\workspace\DollarDaysProject\Screenshots\TC_verifyAddressBookLinksNavigations20210813_154033.png' src='C:\workspace\DollarDaysProject\Screenshots\TC_verifyAddressBookLinksNavigations20210813_154033.png'>
	</ul>
</div>
					</div>
				</li>
				<li class="test-item"  status="pass" test-id="21"
					author=""
					tag=""
					device="">
					<div class="status-avatar pass-bg">
						<i class="fa fa-check text-white"></i>
					</div>
					<div class="open-test">
						<div class="test-detail">
							<p class="name">TC_verifyAddressBookLinksNavigations</p>
							<p class="duration text-sm">0h 0m 21s+668ms</p>
							<span class="datetime">15:40:33 PM</span>
						</div>
					</div>
					<div class="test-contents d-none">
						<div class="detail-head">
							<div class="p-v-10 d-inline-block">
								<div class="info">
									<h5 class="test-status text-pass">TC_verifyAddressBookLinksNavigations</h5>
									<span class='badge badge-success'>08.13.2021 15:40:33</span>
									<span class='badge badge-danger'>08.13.2021 15:40:55</span>
									<span class='badge badge-default'>0h 0m 21s+668ms</span>
								</div>
								<div class="m-t-10 m-l-5">
									
								</div>
							</div>
						</div>
<div class="detail-body mt-4">                                              
<table class="table table-sm">
	<thead><tr>
		<th class="status-col">Status</th>
		<th class="timestamp-col">Timestamp</th>
		<th class="details-col">Details</th>
	</tr></thead>
	<tbody>
			<tr class="event-row">
				<td><i class="fa fa-info text-info"></i></td>
				<td>3:40:33 PM</td>
				<td>
						TC_verifyAddressBookLinksNavigations Test is starting. TestCase verifies AddressBook LeftPanel Links are navigating correctly.
				</td>
			</tr>
			<tr class="event-row">
				<td><i class="fa fa-check text-pass"></i></td>
				<td>3:40:55 PM</td>
				<td>
						TC_verifyAddressBookLinksNavigations Test Passed
				</td>
			</tr>
	</tbody>
</table>
</div>
<div class="detail-foot">
	<ul class="attachments">
			<img class='r-img' onerror='this.style.display="none"' data-featherlight='C:\workspace\DollarDaysProject\Screenshots\TC_verifyAddressBookLinksNavigations20210813_154055.png' src='C:\workspace\DollarDaysProject\Screenshots\TC_verifyAddressBookLinksNavigations20210813_154055.png'>
	</ul>
</div>
					</div>
				</li>
				<li class="test-item"  status="pass" test-id="22"
					author=""
					tag=""
					device="">
					<div class="status-avatar pass-bg">
						<i class="fa fa-check text-white"></i>
					</div>
					<div class="open-test">
						<div class="test-detail">
							<p class="name">TC_verifyAddNewShipToAddressLink</p>
							<p class="duration text-sm">0h 0m 15s+503ms</p>
							<span class="datetime">15:40:56 PM</span>
						</div>
					</div>
					<div class="test-contents d-none">
						<div class="detail-head">
							<div class="p-v-10 d-inline-block">
								<div class="info">
									<h5 class="test-status text-pass">TC_verifyAddNewShipToAddressLink</h5>
									<span class='badge badge-success'>08.13.2021 15:40:56</span>
									<span class='badge badge-danger'>08.13.2021 15:41:11</span>
									<span class='badge badge-default'>0h 0m 15s+503ms</span>
								</div>
								<div class="m-t-10 m-l-5">
									
								</div>
							</div>
						</div>
<div class="detail-body mt-4">                                              
<table class="table table-sm">
	<thead><tr>
		<th class="status-col">Status</th>
		<th class="timestamp-col">Timestamp</th>
		<th class="details-col">Details</th>
	</tr></thead>
	<tbody>
			<tr class="event-row">
				<td><i class="fa fa-info text-info"></i></td>
				<td>3:40:56 PM</td>
				<td>
						TC_verifyAddNewShipToAddressLink Test is starting. TestCase verifies new address is ADDED correctly in the AddressBook page.
				</td>
			</tr>
			<tr class="event-row">
				<td><i class="fa fa-check text-pass"></i></td>
				<td>3:41:11 PM</td>
				<td>
						TC_verifyAddNewShipToAddressLink Test Passed
				</td>
			</tr>
	</tbody>
</table>
</div>
<div class="detail-foot">
	<ul class="attachments">
			<img class='r-img' onerror='this.style.display="none"' data-featherlight='C:\workspace\DollarDaysProject\Screenshots\TC_verifyAddNewShipToAddressLink20210813_154111.png' src='C:\workspace\DollarDaysProject\Screenshots\TC_verifyAddNewShipToAddressLink20210813_154111.png'>
	</ul>
</div>
					</div>
				</li>
				<li class="test-item"  status="pass" test-id="23"
					author=""
					tag=""
					device="">
					<div class="status-avatar pass-bg">
						<i class="fa fa-check text-white"></i>
					</div>
					<div class="open-test">
						<div class="test-detail">
							<p class="name">TC_verifyEditLink</p>
							<p class="duration text-sm">0h 0m 11s+783ms</p>
							<span class="datetime">15:41:11 PM</span>
						</div>
					</div>
					<div class="test-contents d-none">
						<div class="detail-head">
							<div class="p-v-10 d-inline-block">
								<div class="info">
									<h5 class="test-status text-pass">TC_verifyEditLink</h5>
									<span class='badge badge-success'>08.13.2021 15:41:11</span>
									<span class='badge badge-danger'>08.13.2021 15:41:23</span>
									<span class='badge badge-default'>0h 0m 11s+783ms</span>
								</div>
								<div class="m-t-10 m-l-5">
									
								</div>
							</div>
						</div>
<div class="detail-body mt-4">                                              
<table class="table table-sm">
	<thead><tr>
		<th class="status-col">Status</th>
		<th class="timestamp-col">Timestamp</th>
		<th class="details-col">Details</th>
	</tr></thead>
	<tbody>
			<tr class="event-row">
				<td><i class="fa fa-info text-info"></i></td>
				<td>3:41:11 PM</td>
				<td>
						TC_verifyEditLink Test is starting. TestCase verifies saved address is EDITED correctly in the AddressBook page.
				</td>
			</tr>
			<tr class="event-row">
				<td><i class="fa fa-check text-pass"></i></td>
				<td>3:41:23 PM</td>
				<td>
						TC_verifyEditLink Test Passed
				</td>
			</tr>
	</tbody>
</table>
</div>
<div class="detail-foot">
	<ul class="attachments">
			<img class='r-img' onerror='this.style.display="none"' data-featherlight='C:\workspace\DollarDaysProject\Screenshots\TC_verifyEditLink20210813_154123.png' src='C:\workspace\DollarDaysProject\Screenshots\TC_verifyEditLink20210813_154123.png'>
	</ul>
</div>
					</div>
				</li>
				<li class="test-item"  status="fail" test-id="24"
					author=""
					tag=""
					device="">
					<div class="status-avatar fail-bg">
						<i class="fa fa-times text-white"></i>
					</div>
					<div class="open-test">
						<div class="test-detail">
							<p class="name">TC_verifySetAsDefaultLink</p>
							<p class="duration text-sm">0h 0m 6s+760ms</p>
							<span class="datetime">15:41:23 PM</span>
						</div>
					</div>
					<div class="test-contents d-none">
						<div class="detail-head">
							<div class="p-v-10 d-inline-block">
								<div class="info">
									<h5 class="test-status text-fail">TC_verifySetAsDefaultLink</h5>
									<span class='badge badge-success'>08.13.2021 15:41:23</span>
									<span class='badge badge-danger'>08.13.2021 15:41:30</span>
									<span class='badge badge-default'>0h 0m 6s+760ms</span>
								</div>
								<div class="m-t-10 m-l-5">
									
								</div>
							</div>
						</div>
<div class="detail-body mt-4">                                              
<table class="table table-sm">
	<thead><tr>
		<th class="status-col">Status</th>
		<th class="timestamp-col">Timestamp</th>
		<th class="details-col">Details</th>
	</tr></thead>
	<tbody>
			<tr class="event-row">
				<td><i class="fa fa-info text-info"></i></td>
				<td>3:41:23 PM</td>
				<td>
						TC_verifySetAsDefaultLink Test is starting. TestCase verifies address when setasdefault is saved correctly in the AddressBook page and AccountOverview Page
				</td>
			</tr>
			<tr class="event-row">
				<td><i class="fa fa-times text-fail"></i></td>
				<td>3:41:30 PM</td>
				<td>
						<textarea disabled class="code-block">java.lang.AssertionError: expected [true] but found [false]
	at org.testng.Assert.fail(Assert.java:96)
	at org.testng.Assert.failNotEquals(Assert.java:776)
	at org.testng.Assert.assertTrue(Assert.java:44)
	at org.testng.Assert.assertTrue(Assert.java:54)
	at com.DollarDays.testCases.AddressBookPageTest.TC_verifySetAsDefaultLink(AddressBookPageTest.java:338)
	at sun.reflect.NativeMethodAccessorImpl.invoke0(Native Method)
	at sun.reflect.NativeMethodAccessorImpl.invoke(Unknown Source)
	at sun.reflect.DelegatingMethodAccessorImpl.invoke(Unknown Source)
	at java.lang.reflect.Method.invoke(Unknown Source)
	at org.testng.internal.MethodInvocationHelper.invokeMethod(MethodInvocationHelper.java:124)
	at org.testng.internal.Invoker.invokeMethod(Invoker.java:583)
	at org.testng.internal.Invoker.invokeTestMethod(Invoker.java:719)
	at org.testng.internal.Invoker.invokeTestMethods(Invoker.java:989)
	at org.testng.internal.TestMethodWorker.invokeTestMethods(TestMethodWorker.java:125)
	at org.testng.internal.TestMethodWorker.run(TestMethodWorker.java:109)
	at org.testng.TestRunner.privateRun(TestRunner.java:648)
	at org.testng.TestRunner.run(TestRunner.java:505)
	at org.testng.SuiteRunner.runTest(SuiteRunner.java:455)
	at org.testng.SuiteRunner.access$000(SuiteRunner.java:40)
	at org.testng.SuiteRunner$SuiteWorker.run(SuiteRunner.java:489)
	at org.testng.internal.thread.ThreadUtil$1.call(ThreadUtil.java:52)
	at java.util.concurrent.FutureTask.run(Unknown Source)
	at java.util.concurrent.ThreadPoolExecutor.runWorker(Unknown Source)
	at java.util.concurrent.ThreadPoolExecutor$Worker.run(Unknown Source)
	at java.lang.Thread.run(Unknown Source)
</textarea>
				</td>
			</tr>
			<tr class="event-row">
				<td><i class="fa fa-info text-info"></i></td>
				<td>3:41:30 PM</td>
				<td>
						TC_verifySetAsDefaultLink test failed.
				</td>
			</tr>
	</tbody>
</table>
</div>
<div class="detail-foot">
	<ul class="attachments">
			<img class='r-img' onerror='this.style.display="none"' data-featherlight='C:\workspace\DollarDaysProject\Screenshots\TC_verifySetAsDefaultLink20210813_154130.png' src='C:\workspace\DollarDaysProject\Screenshots\TC_verifySetAsDefaultLink20210813_154130.png'>
	</ul>
</div>
					</div>
				</li>
				<li class="test-item"  status="pass" test-id="25"
					author=""
					tag=""
					device="">
					<div class="status-avatar pass-bg">
						<i class="fa fa-check text-white"></i>
					</div>
					<div class="open-test">
						<div class="test-detail">
							<p class="name">TC_verifyDeleteLinkNoBtn</p>
							<p class="duration text-sm">0h 0m 2s+380ms</p>
							<span class="datetime">15:41:31 PM</span>
						</div>
					</div>
					<div class="test-contents d-none">
						<div class="detail-head">
							<div class="p-v-10 d-inline-block">
								<div class="info">
									<h5 class="test-status text-pass">TC_verifyDeleteLinkNoBtn</h5>
									<span class='badge badge-success'>08.13.2021 15:41:31</span>
									<span class='badge badge-danger'>08.13.2021 15:41:33</span>
									<span class='badge badge-default'>0h 0m 2s+380ms</span>
								</div>
								<div class="m-t-10 m-l-5">
									
								</div>
							</div>
						</div>
<div class="detail-body mt-4">                                              
<table class="table table-sm">
	<thead><tr>
		<th class="status-col">Status</th>
		<th class="timestamp-col">Timestamp</th>
		<th class="details-col">Details</th>
	</tr></thead>
	<tbody>
			<tr class="event-row">
				<td><i class="fa fa-info text-info"></i></td>
				<td>3:41:31 PM</td>
				<td>
						TC_verifyDeleteLinkNoBtn Test is starting. TestCase verifies saved Address is not deleted in AddressBook Page with Confirmation NO button
				</td>
			</tr>
			<tr class="event-row">
				<td><i class="fa fa-check text-pass"></i></td>
				<td>3:41:33 PM</td>
				<td>
						TC_verifyDeleteLinkNoBtn Test Passed
				</td>
			</tr>
	</tbody>
</table>
</div>
<div class="detail-foot">
	<ul class="attachments">
			<img class='r-img' onerror='this.style.display="none"' data-featherlight='C:\workspace\DollarDaysProject\Screenshots\TC_verifyDeleteLinkNoBtn20210813_154133.png' src='C:\workspace\DollarDaysProject\Screenshots\TC_verifyDeleteLinkNoBtn20210813_154133.png'>
	</ul>
</div>
					</div>
				</li>
				<li class="test-item"  status="pass" test-id="26"
					author=""
					tag=""
					device="">
					<div class="status-avatar pass-bg">
						<i class="fa fa-check text-white"></i>
					</div>
					<div class="open-test">
						<div class="test-detail">
							<p class="name">TC_verifyDeleteLinkYesBtn</p>
							<p class="duration text-sm">0h 1m 1s+778ms</p>
							<span class="datetime">15:41:33 PM</span>
						</div>
					</div>
					<div class="test-contents d-none">
						<div class="detail-head">
							<div class="p-v-10 d-inline-block">
								<div class="info">
									<h5 class="test-status text-pass">TC_verifyDeleteLinkYesBtn</h5>
									<span class='badge badge-success'>08.13.2021 15:41:33</span>
									<span class='badge badge-danger'>08.13.2021 15:42:35</span>
									<span class='badge badge-default'>0h 1m 1s+778ms</span>
								</div>
								<div class="m-t-10 m-l-5">
									
								</div>
							</div>
						</div>
<div class="detail-body mt-4">                                              
<table class="table table-sm">
	<thead><tr>
		<th class="status-col">Status</th>
		<th class="timestamp-col">Timestamp</th>
		<th class="details-col">Details</th>
	</tr></thead>
	<tbody>
			<tr class="event-row">
				<td><i class="fa fa-info text-info"></i></td>
				<td>3:41:33 PM</td>
				<td>
						TC_verifyDeleteLinkYesBtn Test is starting. TestCase verifies saved Address is deleted in AddressBook Page with Confirmation YES button
				</td>
			</tr>
			<tr class="event-row">
				<td><i class="fa fa-check text-pass"></i></td>
				<td>3:42:35 PM</td>
				<td>
						TC_verifyDeleteLinkYesBtn Test Passed
				</td>
			</tr>
	</tbody>
</table>
</div>
<div class="detail-foot">
	<ul class="attachments">
			<img class='r-img' onerror='this.style.display="none"' data-featherlight='C:\workspace\DollarDaysProject\Screenshots\TC_verifyDeleteLinkYesBtn20210813_154235.png' src='C:\workspace\DollarDaysProject\Screenshots\TC_verifyDeleteLinkYesBtn20210813_154235.png'>
	</ul>
</div>
					</div>
				</li>
				<li class="test-item"  status="pass" test-id="27"
					author=""
					tag=""
					device="">
					<div class="status-avatar pass-bg">
						<i class="fa fa-check text-white"></i>
					</div>
					<div class="open-test">
						<div class="test-detail">
							<p class="name">TC_verifyCountryDropdownIsAList</p>
							<p class="duration text-sm">0h 0m 1s+994ms</p>
							<span class="datetime">15:42:35 PM</span>
						</div>
					</div>
					<div class="test-contents d-none">
						<div class="detail-head">
							<div class="p-v-10 d-inline-block">
								<div class="info">
									<h5 class="test-status text-pass">TC_verifyCountryDropdownIsAList</h5>
									<span class='badge badge-success'>08.13.2021 15:42:35</span>
									<span class='badge badge-danger'>08.13.2021 15:42:37</span>
									<span class='badge badge-default'>0h 0m 1s+994ms</span>
								</div>
								<div class="m-t-10 m-l-5">
									
								</div>
							</div>
						</div>
<div class="detail-body mt-4">                                              
<table class="table table-sm">
	<thead><tr>
		<th class="status-col">Status</th>
		<th class="timestamp-col">Timestamp</th>
		<th class="details-col">Details</th>
	</tr></thead>
	<tbody>
			<tr class="event-row">
				<td><i class="fa fa-info text-info"></i></td>
				<td>3:42:35 PM</td>
				<td>
						TC_verifyCountryDropdownIsAList Test is starting. TestCase verifies Country is a dropdownlist
				</td>
			</tr>
			<tr class="event-row">
				<td><i class="fa fa-check text-pass"></i></td>
				<td>3:42:37 PM</td>
				<td>
						TC_verifyCountryDropdownIsAList Test Passed
				</td>
			</tr>
	</tbody>
</table>
</div>
<div class="detail-foot">
	<ul class="attachments">
			<img class='r-img' onerror='this.style.display="none"' data-featherlight='C:\workspace\DollarDaysProject\Screenshots\TC_verifyCountryDropdownIsAList20210813_154237.png' src='C:\workspace\DollarDaysProject\Screenshots\TC_verifyCountryDropdownIsAList20210813_154237.png'>
	</ul>
</div>
					</div>
				</li>
				<li class="test-item"  status="pass" test-id="28"
					author=""
					tag=""
					device="">
					<div class="status-avatar pass-bg">
						<i class="fa fa-check text-white"></i>
					</div>
					<div class="open-test">
						<div class="test-detail">
							<p class="name">TC_verifyCountryDropdownDefaultValue</p>
							<p class="duration text-sm">0h 0m 1s+636ms</p>
							<span class="datetime">15:42:38 PM</span>
						</div>
					</div>
					<div class="test-contents d-none">
						<div class="detail-head">
							<div class="p-v-10 d-inline-block">
								<div class="info">
									<h5 class="test-status text-pass">TC_verifyCountryDropdownDefaultValue</h5>
									<span class='badge badge-success'>08.13.2021 15:42:38</span>
									<span class='badge badge-danger'>08.13.2021 15:42:39</span>
									<span class='badge badge-default'>0h 0m 1s+636ms</span>
								</div>
								<div class="m-t-10 m-l-5">
									
								</div>
							</div>
						</div>
<div class="detail-body mt-4">                                              
<table class="table table-sm">
	<thead><tr>
		<th class="status-col">Status</th>
		<th class="timestamp-col">Timestamp</th>
		<th class="details-col">Details</th>
	</tr></thead>
	<tbody>
			<tr class="event-row">
				<td><i class="fa fa-info text-info"></i></td>
				<td>3:42:38 PM</td>
				<td>
						TC_verifyCountryDropdownDefaultValue Test is starting. TestCase verifies Country's default value is United States of America.
				</td>
			</tr>
			<tr class="event-row">
				<td><i class="fa fa-check text-pass"></i></td>
				<td>3:42:39 PM</td>
				<td>
						TC_verifyCountryDropdownDefaultValue Test Passed
				</td>
			</tr>
	</tbody>
</table>
</div>
<div class="detail-foot">
	<ul class="attachments">
			<img class='r-img' onerror='this.style.display="none"' data-featherlight='C:\workspace\DollarDaysProject\Screenshots\TC_verifyCountryDropdownDefaultValue20210813_154239.png' src='C:\workspace\DollarDaysProject\Screenshots\TC_verifyCountryDropdownDefaultValue20210813_154239.png'>
	</ul>
</div>
					</div>
				</li>
				<li class="test-item"  status="pass" test-id="29"
					author=""
					tag=""
					device="">
					<div class="status-avatar pass-bg">
						<i class="fa fa-check text-white"></i>
					</div>
					<div class="open-test">
						<div class="test-detail">
							<p class="name">TC_verifyStateDropdownOptions</p>
							<p class="duration text-sm">0h 0m 0s+714ms</p>
							<span class="datetime">15:42:39 PM</span>
						</div>
					</div>
					<div class="test-contents d-none">
						<div class="detail-head">
							<div class="p-v-10 d-inline-block">
								<div class="info">
									<h5 class="test-status text-pass">TC_verifyStateDropdownOptions</h5>
									<span class='badge badge-success'>08.13.2021 15:42:39</span>
									<span class='badge badge-danger'>08.13.2021 15:42:40</span>
									<span class='badge badge-default'>0h 0m 0s+714ms</span>
								</div>
								<div class="m-t-10 m-l-5">
									
								</div>
							</div>
						</div>
<div class="detail-body mt-4">                                              
<table class="table table-sm">
	<thead><tr>
		<th class="status-col">Status</th>
		<th class="timestamp-col">Timestamp</th>
		<th class="details-col">Details</th>
	</tr></thead>
	<tbody>
			<tr class="event-row">
				<td><i class="fa fa-info text-info"></i></td>
				<td>3:42:39 PM</td>
				<td>
						TC_verifyStateDropdownOptions Test is starting. TestCase verifies State contains a dropdownlist and displays all the state options correctly.
				</td>
			</tr>
			<tr class="event-row">
				<td><i class="fa fa-check text-pass"></i></td>
				<td>3:42:40 PM</td>
				<td>
						TC_verifyStateDropdownOptions Test Passed
				</td>
			</tr>
	</tbody>
</table>
</div>
<div class="detail-foot">
	<ul class="attachments">
			<img class='r-img' onerror='this.style.display="none"' data-featherlight='C:\workspace\DollarDaysProject\Screenshots\TC_verifyStateDropdownOptions20210813_154240.png' src='C:\workspace\DollarDaysProject\Screenshots\TC_verifyStateDropdownOptions20210813_154240.png'>
	</ul>
</div>
					</div>
				</li>
				<li class="test-item"  status="pass" test-id="30"
					author=""
					tag=""
					device="">
					<div class="status-avatar pass-bg">
						<i class="fa fa-check text-white"></i>
					</div>
					<div class="open-test">
						<div class="test-detail">
							<p class="name">TC_verifyReceivTypeWithShippingDock</p>
							<p class="duration text-sm">0h 0m 1s+865ms</p>
							<span class="datetime">15:42:40 PM</span>
						</div>
					</div>
					<div class="test-contents d-none">
						<div class="detail-head">
							<div class="p-v-10 d-inline-block">
								<div class="info">
									<h5 class="test-status text-pass">TC_verifyReceivTypeWithShippingDock</h5>
									<span class='badge badge-success'>08.13.2021 15:42:40</span>
									<span class='badge badge-danger'>08.13.2021 15:42:42</span>
									<span class='badge badge-default'>0h 0m 1s+865ms</span>
								</div>
								<div class="m-t-10 m-l-5">
									
								</div>
							</div>
						</div>
<div class="detail-body mt-4">                                              
<table class="table table-sm">
	<thead><tr>
		<th class="status-col">Status</th>
		<th class="timestamp-col">Timestamp</th>
		<th class="details-col">Details</th>
	</tr></thead>
	<tbody>
			<tr class="event-row">
				<td><i class="fa fa-info text-info"></i></td>
				<td>3:42:40 PM</td>
				<td>
						TC_verifyReceivTypeWithShippingDock Test is starting. TestCase verifies Company Name displays alert for commercial with shipping docks.
				</td>
			</tr>
			<tr class="event-row">
				<td><i class="fa fa-check text-pass"></i></td>
				<td>3:42:42 PM</td>
				<td>
						TC_verifyReceivTypeWithShippingDock Test Passed
				</td>
			</tr>
	</tbody>
</table>
</div>
<div class="detail-foot">
	<ul class="attachments">
			<img class='r-img' onerror='this.style.display="none"' data-featherlight='C:\workspace\DollarDaysProject\Screenshots\TC_verifyReceivTypeWithShippingDock20210813_154242.png' src='C:\workspace\DollarDaysProject\Screenshots\TC_verifyReceivTypeWithShippingDock20210813_154242.png'>
	</ul>
</div>
					</div>
				</li>
				<li class="test-item"  status="pass" test-id="31"
					author=""
					tag=""
					device="">
					<div class="status-avatar pass-bg">
						<i class="fa fa-check text-white"></i>
					</div>
					<div class="open-test">
						<div class="test-detail">
							<p class="name">TC_verifyReceivTypeWithoutShippingDock</p>
							<p class="duration text-sm">0h 0m 1s+903ms</p>
							<span class="datetime">15:42:43 PM</span>
						</div>
					</div>
					<div class="test-contents d-none">
						<div class="detail-head">
							<div class="p-v-10 d-inline-block">
								<div class="info">
									<h5 class="test-status text-pass">TC_verifyReceivTypeWithoutShippingDock</h5>
									<span class='badge badge-success'>08.13.2021 15:42:43</span>
									<span class='badge badge-danger'>08.13.2021 15:42:44</span>
									<span class='badge badge-default'>0h 0m 1s+903ms</span>
								</div>
								<div class="m-t-10 m-l-5">
									
								</div>
							</div>
						</div>
<div class="detail-body mt-4">                                              
<table class="table table-sm">
	<thead><tr>
		<th class="status-col">Status</th>
		<th class="timestamp-col">Timestamp</th>
		<th class="details-col">Details</th>
	</tr></thead>
	<tbody>
			<tr class="event-row">
				<td><i class="fa fa-info text-info"></i></td>
				<td>3:42:43 PM</td>
				<td>
						TC_verifyReceivTypeWithoutShippingDock Test is starting. TestCase verifies Company Name displays alert for  commercial  without shipping docks.
				</td>
			</tr>
			<tr class="event-row">
				<td><i class="fa fa-check text-pass"></i></td>
				<td>3:42:44 PM</td>
				<td>
						TC_verifyReceivTypeWithoutShippingDock Test Passed
				</td>
			</tr>
	</tbody>
</table>
</div>
<div class="detail-foot">
	<ul class="attachments">
			<img class='r-img' onerror='this.style.display="none"' data-featherlight='C:\workspace\DollarDaysProject\Screenshots\TC_verifyReceivTypeWithoutShippingDock20210813_154244.png' src='C:\workspace\DollarDaysProject\Screenshots\TC_verifyReceivTypeWithoutShippingDock20210813_154244.png'>
	</ul>
</div>
					</div>
				</li>
				<li class="test-item"  status="pass" test-id="32"
					author=""
					tag=""
					device="">
					<div class="status-avatar pass-bg">
						<i class="fa fa-check text-white"></i>
					</div>
					<div class="open-test">
						<div class="test-detail">
							<p class="name">TC_verifyMandatoryFieldsAlertMsgDisplay</p>
							<p class="duration text-sm">0h 0m 3s+189ms</p>
							<span class="datetime">15:42:45 PM</span>
						</div>
					</div>
					<div class="test-contents d-none">
						<div class="detail-head">
							<div class="p-v-10 d-inline-block">
								<div class="info">
									<h5 class="test-status text-pass">TC_verifyMandatoryFieldsAlertMsgDisplay</h5>
									<span class='badge badge-success'>08.13.2021 15:42:45</span>
									<span class='badge badge-danger'>08.13.2021 15:42:48</span>
									<span class='badge badge-default'>0h 0m 3s+189ms</span>
								</div>
								<div class="m-t-10 m-l-5">
									
								</div>
							</div>
						</div>
<div class="detail-body mt-4">                                              
<table class="table table-sm">
	<thead><tr>
		<th class="status-col">Status</th>
		<th class="timestamp-col">Timestamp</th>
		<th class="details-col">Details</th>
	</tr></thead>
	<tbody>
			<tr class="event-row">
				<td><i class="fa fa-info text-info"></i></td>
				<td>3:42:45 PM</td>
				<td>
						TC_verifyMandatoryFieldsAlertMsgDisplay Test is starting. TestCase verifies display of alert for mandatory textboxes.
				</td>
			</tr>
			<tr class="event-row">
				<td><i class="fa fa-check text-pass"></i></td>
				<td>3:42:48 PM</td>
				<td>
						TC_verifyMandatoryFieldsAlertMsgDisplay Test Passed
				</td>
			</tr>
	</tbody>
</table>
</div>
<div class="detail-foot">
	<ul class="attachments">
			<img class='r-img' onerror='this.style.display="none"' data-featherlight='C:\workspace\DollarDaysProject\Screenshots\TC_verifyMandatoryFieldsAlertMsgDisplay20210813_154248.png' src='C:\workspace\DollarDaysProject\Screenshots\TC_verifyMandatoryFieldsAlertMsgDisplay20210813_154248.png'>
	</ul>
</div>
					</div>
				</li>
				<li class="test-item"  status="pass" test-id="33"
					author=""
					tag=""
					device="">
					<div class="status-avatar pass-bg">
						<i class="fa fa-check text-white"></i>
					</div>
					<div class="open-test">
						<div class="test-detail">
							<p class="name">TC_verifyFirstNameTextboxMaxLength</p>
							<p class="duration text-sm">0h 0m 0s+299ms</p>
							<span class="datetime">15:42:48 PM</span>
						</div>
					</div>
					<div class="test-contents d-none">
						<div class="detail-head">
							<div class="p-v-10 d-inline-block">
								<div class="info">
									<h5 class="test-status text-pass">TC_verifyFirstNameTextboxMaxLength</h5>
									<span class='badge badge-success'>08.13.2021 15:42:48</span>
									<span class='badge badge-danger'>08.13.2021 15:42:48</span>
									<span class='badge badge-default'>0h 0m 0s+299ms</span>
								</div>
								<div class="m-t-10 m-l-5">
									
								</div>
							</div>
						</div>
<div class="detail-body mt-4">                                              
<table class="table table-sm">
	<thead><tr>
		<th class="status-col">Status</th>
		<th class="timestamp-col">Timestamp</th>
		<th class="details-col">Details</th>
	</tr></thead>
	<tbody>
			<tr class="event-row">
				<td><i class="fa fa-info text-info"></i></td>
				<td>3:42:48 PM</td>
				<td>
						TC_verifyFirstNameTextboxMaxLength Test is starting. TestCase verifies FirstName textbox accepts characters until maxlength defined
				</td>
			</tr>
			<tr class="event-row">
				<td><i class="fa fa-check text-pass"></i></td>
				<td>3:42:48 PM</td>
				<td>
						TC_verifyFirstNameTextboxMaxLength Test Passed
				</td>
			</tr>
	</tbody>
</table>
</div>
<div class="detail-foot">
	<ul class="attachments">
			<img class='r-img' onerror='this.style.display="none"' data-featherlight='C:\workspace\DollarDaysProject\Screenshots\TC_verifyFirstNameTextboxMaxLength20210813_154248.png' src='C:\workspace\DollarDaysProject\Screenshots\TC_verifyFirstNameTextboxMaxLength20210813_154248.png'>
	</ul>
</div>
					</div>
				</li>
				<li class="test-item"  status="pass" test-id="34"
					author=""
					tag=""
					device="">
					<div class="status-avatar pass-bg">
						<i class="fa fa-check text-white"></i>
					</div>
					<div class="open-test">
						<div class="test-detail">
							<p class="name">TC_verifyLastNameTextboxMaxlength</p>
							<p class="duration text-sm">0h 0m 0s+334ms</p>
							<span class="datetime">15:42:49 PM</span>
						</div>
					</div>
					<div class="test-contents d-none">
						<div class="detail-head">
							<div class="p-v-10 d-inline-block">
								<div class="info">
									<h5 class="test-status text-pass">TC_verifyLastNameTextboxMaxlength</h5>
									<span class='badge badge-success'>08.13.2021 15:42:49</span>
									<span class='badge badge-danger'>08.13.2021 15:42:49</span>
									<span class='badge badge-default'>0h 0m 0s+334ms</span>
								</div>
								<div class="m-t-10 m-l-5">
									
								</div>
							</div>
						</div>
<div class="detail-body mt-4">                                              
<table class="table table-sm">
	<thead><tr>
		<th class="status-col">Status</th>
		<th class="timestamp-col">Timestamp</th>
		<th class="details-col">Details</th>
	</tr></thead>
	<tbody>
			<tr class="event-row">
				<td><i class="fa fa-info text-info"></i></td>
				<td>3:42:49 PM</td>
				<td>
						TC_verifyLastNameTextboxMaxlength Test is starting. TestCase verifies LastName textbox accepts characters until maxlength defined
				</td>
			</tr>
			<tr class="event-row">
				<td><i class="fa fa-check text-pass"></i></td>
				<td>3:42:49 PM</td>
				<td>
						TC_verifyLastNameTextboxMaxlength Test Passed
				</td>
			</tr>
	</tbody>
</table>
</div>
<div class="detail-foot">
	<ul class="attachments">
			<img class='r-img' onerror='this.style.display="none"' data-featherlight='C:\workspace\DollarDaysProject\Screenshots\TC_verifyLastNameTextboxMaxlength20210813_154249.png' src='C:\workspace\DollarDaysProject\Screenshots\TC_verifyLastNameTextboxMaxlength20210813_154249.png'>
	</ul>
</div>
					</div>
				</li>
				<li class="test-item"  status="pass" test-id="35"
					author=""
					tag=""
					device="">
					<div class="status-avatar pass-bg">
						<i class="fa fa-check text-white"></i>
					</div>
					<div class="open-test">
						<div class="test-detail">
							<p class="name">TC_verifyStreetAddressTextbox</p>
							<p class="duration text-sm">0h 0m 1s+780ms</p>
							<span class="datetime">15:42:49 PM</span>
						</div>
					</div>
					<div class="test-contents d-none">
						<div class="detail-head">
							<div class="p-v-10 d-inline-block">
								<div class="info">
									<h5 class="test-status text-pass">TC_verifyStreetAddressTextbox</h5>
									<span class='badge badge-success'>08.13.2021 15:42:49</span>
									<span class='badge badge-danger'>08.13.2021 15:42:51</span>
									<span class='badge badge-default'>0h 0m 1s+780ms</span>
								</div>
								<div class="m-t-10 m-l-5">
									
								</div>
							</div>
						</div>
<div class="detail-body mt-4">                                              
<table class="table table-sm">
	<thead><tr>
		<th class="status-col">Status</th>
		<th class="timestamp-col">Timestamp</th>
		<th class="details-col">Details</th>
	</tr></thead>
	<tbody>
			<tr class="event-row">
				<td><i class="fa fa-info text-info"></i></td>
				<td>3:42:49 PM</td>
				<td>
						TC_verifyStreetAddressTextbox Test is starting. TestCase verifies StresstAddress textbox accepts alphanumeric characters.
				</td>
			</tr>
			<tr class="event-row">
				<td><i class="fa fa-check text-pass"></i></td>
				<td>3:42:51 PM</td>
				<td>
						TC_verifyStreetAddressTextbox Test Passed
				</td>
			</tr>
	</tbody>
</table>
</div>
<div class="detail-foot">
	<ul class="attachments">
			<img class='r-img' onerror='this.style.display="none"' data-featherlight='C:\workspace\DollarDaysProject\Screenshots\TC_verifyStreetAddressTextbox20210813_154251.png' src='C:\workspace\DollarDaysProject\Screenshots\TC_verifyStreetAddressTextbox20210813_154251.png'>
	</ul>
</div>
					</div>
				</li>
				<li class="test-item"  status="pass" test-id="36"
					author=""
					tag=""
					device="">
					<div class="status-avatar pass-bg">
						<i class="fa fa-check text-white"></i>
					</div>
					<div class="open-test">
						<div class="test-detail">
							<p class="name">TC_verifyAptStebldgTextbox</p>
							<p class="duration text-sm">0h 0m 1s+741ms</p>
							<span class="datetime">15:42:51 PM</span>
						</div>
					</div>
					<div class="test-contents d-none">
						<div class="detail-head">
							<div class="p-v-10 d-inline-block">
								<div class="info">
									<h5 class="test-status text-pass">TC_verifyAptStebldgTextbox</h5>
									<span class='badge badge-success'>08.13.2021 15:42:51</span>
									<span class='badge badge-danger'>08.13.2021 15:42:53</span>
									<span class='badge badge-default'>0h 0m 1s+741ms</span>
								</div>
								<div class="m-t-10 m-l-5">
									
								</div>
							</div>
						</div>
<div class="detail-body mt-4">                                              
<table class="table table-sm">
	<thead><tr>
		<th class="status-col">Status</th>
		<th class="timestamp-col">Timestamp</th>
		<th class="details-col">Details</th>
	</tr></thead>
	<tbody>
			<tr class="event-row">
				<td><i class="fa fa-info text-info"></i></td>
				<td>3:42:51 PM</td>
				<td>
						TC_verifyAptStebldgTextbox Test is starting. TestCase verifies Apt textbox accepts alphanumeric characters.
				</td>
			</tr>
			<tr class="event-row">
				<td><i class="fa fa-check text-pass"></i></td>
				<td>3:42:53 PM</td>
				<td>
						TC_verifyAptStebldgTextbox Test Passed
				</td>
			</tr>
	</tbody>
</table>
</div>
<div class="detail-foot">
	<ul class="attachments">
			<img class='r-img' onerror='this.style.display="none"' data-featherlight='C:\workspace\DollarDaysProject\Screenshots\TC_verifyAptStebldgTextbox20210813_154253.png' src='C:\workspace\DollarDaysProject\Screenshots\TC_verifyAptStebldgTextbox20210813_154253.png'>
	</ul>
</div>
					</div>
				</li>
				<li class="test-item"  status="pass" test-id="37"
					author=""
					tag=""
					device="">
					<div class="status-avatar pass-bg">
						<i class="fa fa-check text-white"></i>
					</div>
					<div class="open-test">
						<div class="test-detail">
							<p class="name">TC_loginDDT</p>
							<p class="duration text-sm">0h 4m 5s+531ms</p>
							<span class="datetime">15:44:25 PM</span>
						</div>
					</div>
					<div class="test-contents d-none">
						<div class="detail-head">
							<div class="p-v-10 d-inline-block">
								<div class="info">
									<h5 class="test-status text-pass">TC_loginDDT</h5>
									<span class='badge badge-success'>08.13.2021 15:44:25</span>
									<span class='badge badge-danger'>08.13.2021 15:48:31</span>
									<span class='badge badge-default'>0h 4m 5s+531ms</span>
								</div>
								<div class="m-t-10 m-l-5">
									
								</div>
							</div>
						</div>
<div class="detail-body mt-4">                                              
<table class="table table-sm">
	<thead><tr>
		<th class="status-col">Status</th>
		<th class="timestamp-col">Timestamp</th>
		<th class="details-col">Details</th>
	</tr></thead>
	<tbody>
			<tr class="event-row">
				<td><i class="fa fa-info text-info"></i></td>
				<td>3:44:25 PM</td>
				<td>
						TC_loginDDT Test is starting. This Testcase checks for logging in functionality using valid and invalid username/password combinations
				</td>
			</tr>
			<tr class="event-row">
				<td><i class="fa fa-check text-pass"></i></td>
				<td>3:48:31 PM</td>
				<td>
						TC_loginDDT Test Passed
				</td>
			</tr>
	</tbody>
</table>
</div>
<div class="detail-foot">
	<ul class="attachments">
			<img class='r-img' onerror='this.style.display="none"' data-featherlight='C:\workspace\DollarDaysProject\Screenshots\TC_loginDDT20210813_154831.png' src='C:\workspace\DollarDaysProject\Screenshots\TC_loginDDT20210813_154831.png'>
	</ul>
</div>
					</div>
				</li>
				<li class="test-item"  status="fail" test-id="38"
					author=""
					tag=""
					device="">
					<div class="status-avatar fail-bg">
						<i class="fa fa-times text-white"></i>
					</div>
					<div class="open-test">
						<div class="test-detail">
							<p class="name">TC_loginDDT</p>
							<p class="duration text-sm">0h 3m 15s+48ms</p>
							<span class="datetime">15:48:32 PM</span>
						</div>
					</div>
					<div class="test-contents d-none">
						<div class="detail-head">
							<div class="p-v-10 d-inline-block">
								<div class="info">
									<h5 class="test-status text-fail">TC_loginDDT</h5>
									<span class='badge badge-success'>08.13.2021 15:48:32</span>
									<span class='badge badge-danger'>08.13.2021 15:51:47</span>
									<span class='badge badge-default'>0h 3m 15s+48ms</span>
								</div>
								<div class="m-t-10 m-l-5">
									
								</div>
							</div>
						</div>
<div class="detail-body mt-4">                                              
<table class="table table-sm">
	<thead><tr>
		<th class="status-col">Status</th>
		<th class="timestamp-col">Timestamp</th>
		<th class="details-col">Details</th>
	</tr></thead>
	<tbody>
			<tr class="event-row">
				<td><i class="fa fa-info text-info"></i></td>
				<td>3:48:32 PM</td>
				<td>
						TC_loginDDT Test is starting. This Testcase checks for logging in functionality using valid and invalid username/password combinations
				</td>
			</tr>
			<tr class="event-row">
				<td><i class="fa fa-times text-fail"></i></td>
				<td>3:51:46 PM</td>
				<td>
						<textarea disabled class="code-block">org.openqa.selenium.NoSuchWindowException: Browsing context has been discarded
Build info: version: '3.141.59', revision: 'e82be7d358', time: '2018-11-14T08:17:03'
System info: host: 'NAGENDRA-YOGA', ip: '192.168.1.9', os.name: 'Windows 10', os.arch: 'amd64', os.version: '10.0', java.version: '1.8.0_291'
Driver info: org.openqa.selenium.firefox.FirefoxDriver
Capabilities {acceptInsecureCerts: true, browserName: firefox, browserVersion: 89.0.2, javascriptEnabled: true, moz:accessibilityChecks: false, moz:buildID: 20210622155641, moz:geckodriverVersion: 0.29.0, moz:headless: false, moz:processID: 18000, moz:profile: C:\Users\madhu\AppData\Loca..., moz:shutdownTimeout: 60000, moz:useNonSpecCompliantPointerOrigin: false, moz:webdriverClick: true, pageLoadStrategy: normal, platform: WINDOWS, platformName: WINDOWS, platformVersion: 10.0, setWindowRect: true, strictFileInteractability: false, timeouts: {implicit: 0, pageLoad: 300000, script: 30000}, unhandledPromptBehavior: dismiss and notify}
Session ID: d62ec982-e6f3-4e7b-b02e-f0882172ebe8
*** Element info: {Using=xpath, value=//*[@id="aspnetForm"]/div[5]/div/div/div/div[2]/div/div[1]/div/div/div[4]/button}
	at sun.reflect.NativeConstructorAccessorImpl.newInstance0(Native Method)
	at sun.reflect.NativeConstructorAccessorImpl.newInstance(Unknown Source)
	at sun.reflect.DelegatingConstructorAccessorImpl.newInstance(Unknown Source)
	at java.lang.reflect.Constructor.newInstance(Unknown Source)
	at org.openqa.selenium.remote.http.W3CHttpResponseCodec.createException(W3CHttpResponseCodec.java:187)
	at org.openqa.selenium.remote.http.W3CHttpResponseCodec.decode(W3CHttpResponseCodec.java:122)
	at org.openqa.selenium.remote.http.W3CHttpResponseCodec.decode(W3CHttpResponseCodec.java:49)
	at org.openqa.selenium.remote.HttpCommandExecutor.execute(HttpCommandExecutor.java:158)
	at org.openqa.selenium.remote.service.DriverCommandExecutor.execute(DriverCommandExecutor.java:83)
	at org.openqa.selenium.remote.RemoteWebDriver.execute(RemoteWebDriver.java:552)
	at org.openqa.selenium.remote.RemoteWebDriver.findElement(RemoteWebDriver.java:323)
	at org.openqa.selenium.remote.RemoteWebDriver.findElementByXPath(RemoteWebDriver.java:428)
	at org.openqa.selenium.By$ByXPath.findElement(By.java:353)
	at org.openqa.selenium.remote.RemoteWebDriver.findElement(RemoteWebDriver.java:315)
	at org.openqa.selenium.support.pagefactory.DefaultElementLocator.findElement(DefaultElementLocator.java:69)
	at org.openqa.selenium.support.pagefactory.internal.LocatingElementHandler.invoke(LocatingElementHandler.java:38)
	at com.sun.proxy.$Proxy26.toString(Unknown Source)
	at com.DollarDays.utilities.ElementUtils.isElementDisplayed(ElementUtils.java:35)
	at com.DollarDays.utilities.ElementUtils.isElementClickable(ElementUtils.java:47)
	at com.DollarDays.utilities.ElementUtils.performElementClickReturn(ElementUtils.java:76)
	at com.DollarDays.pageObjects.LoginPage.clickSignInBtn(LoginPage.java:83)
	at com.DollarDays.testCases.LoginDataDriverTest.TC_loginDDT(LoginDataDriverTest.java:62)
	at sun.reflect.NativeMethodAccessorImpl.invoke0(Native Method)
	at sun.reflect.NativeMethodAccessorImpl.invoke(Unknown Source)
	at sun.reflect.DelegatingMethodAccessorImpl.invoke(Unknown Source)
	at java.lang.reflect.Method.invoke(Unknown Source)
	at org.testng.internal.MethodInvocationHelper.invokeMethod(MethodInvocationHelper.java:124)
	at org.testng.internal.Invoker.invokeMethod(Invoker.java:583)
	at org.testng.internal.Invoker.invokeTestMethod(Invoker.java:719)
	at org.testng.internal.Invoker.invokeTestMethods(Invoker.java:989)
	at org.testng.internal.TestMethodWorker.invokeTestMethods(TestMethodWorker.java:125)
	at org.testng.internal.TestMethodWorker.run(TestMethodWorker.java:109)
	at org.testng.TestRunner.privateRun(TestRunner.java:648)
	at org.testng.TestRunner.run(TestRunner.java:505)
	at org.testng.SuiteRunner.runTest(SuiteRunner.java:455)
	at org.testng.SuiteRunner.access$000(SuiteRunner.java:40)
	at org.testng.SuiteRunner$SuiteWorker.run(SuiteRunner.java:489)
	at org.testng.internal.thread.ThreadUtil$1.call(ThreadUtil.java:52)
	at java.util.concurrent.FutureTask.run(Unknown Source)
	at java.util.concurrent.ThreadPoolExecutor.runWorker(Unknown Source)
	at java.util.concurrent.ThreadPoolExecutor$Worker.run(Unknown Source)
	at java.lang.Thread.run(Unknown Source)
</textarea>
				</td>
			</tr>
			<tr class="event-row">
				<td><i class="fa fa-info text-info"></i></td>
				<td>3:51:46 PM</td>
				<td>
						TC_loginDDT test failed.
				</td>
			</tr>
			<tr class="event-row">
				<td><i class="fa fa-times text-fail"></i></td>
				<td>3:51:47 PM</td>
				<td>
						<textarea disabled class="code-block">org.openqa.selenium.WebDriverException: Failed to decode response from marionette
Build info: version: '3.141.59', revision: 'e82be7d358', time: '2018-11-14T08:17:03'
System info: host: 'NAGENDRA-YOGA', ip: '192.168.1.9', os.name: 'Windows 10', os.arch: 'amd64', os.version: '10.0', java.version: '1.8.0_291'
Driver info: org.openqa.selenium.firefox.FirefoxDriver
Capabilities {acceptInsecureCerts: true, browserName: firefox, browserVersion: 89.0.2, javascriptEnabled: true, moz:accessibilityChecks: false, moz:buildID: 20210622155641, moz:geckodriverVersion: 0.29.0, moz:headless: false, moz:processID: 18000, moz:profile: C:\Users\madhu\AppData\Loca..., moz:shutdownTimeout: 60000, moz:useNonSpecCompliantPointerOrigin: false, moz:webdriverClick: true, pageLoadStrategy: normal, platform: WINDOWS, platformName: WINDOWS, platformVersion: 10.0, setWindowRect: true, strictFileInteractability: false, timeouts: {implicit: 0, pageLoad: 300000, script: 30000}, unhandledPromptBehavior: dismiss and notify}
Session ID: d62ec982-e6f3-4e7b-b02e-f0882172ebe8
	at sun.reflect.NativeConstructorAccessorImpl.newInstance0(Native Method)
	at sun.reflect.NativeConstructorAccessorImpl.newInstance(Unknown Source)
	at sun.reflect.DelegatingConstructorAccessorImpl.newInstance(Unknown Source)
	at java.lang.reflect.Constructor.newInstance(Unknown Source)
	at org.openqa.selenium.remote.http.W3CHttpResponseCodec.createException(W3CHttpResponseCodec.java:187)
	at org.openqa.selenium.remote.http.W3CHttpResponseCodec.decode(W3CHttpResponseCodec.java:122)
	at org.openqa.selenium.remote.http.W3CHttpResponseCodec.decode(W3CHttpResponseCodec.java:49)
	at org.openqa.selenium.remote.HttpCommandExecutor.execute(HttpCommandExecutor.java:158)
	at org.openqa.selenium.remote.service.DriverCommandExecutor.execute(DriverCommandExecutor.java:83)
	at org.openqa.selenium.remote.RemoteWebDriver.execute(RemoteWebDriver.java:552)
	at org.openqa.selenium.remote.RemoteWebDriver.execute(RemoteWebDriver.java:609)
	at org.openqa.selenium.remote.RemoteWebDriver.getScreenshotAs(RemoteWebDriver.java:295)
	at com.DollarDays.utilities.ScreenshotUtils.getScreenShot(ScreenshotUtils.java:27)
	at com.DollarDays.listeners.Listeners.onTestFailure(Listeners.java:72)
	at org.testng.internal.TestListenerHelper.runTestListeners(TestListenerHelper.java:67)
	at org.testng.internal.Invoker.runTestListeners(Invoker.java:1389)
	at org.testng.internal.Invoker.invokeMethod(Invoker.java:636)
	at org.testng.internal.Invoker.invokeTestMethod(Invoker.java:719)
	at org.testng.internal.Invoker.invokeTestMethods(Invoker.java:989)
	at org.testng.internal.TestMethodWorker.invokeTestMethods(TestMethodWorker.java:125)
	at org.testng.internal.TestMethodWorker.run(TestMethodWorker.java:109)
	at org.testng.TestRunner.privateRun(TestRunner.java:648)
	at org.testng.TestRunner.run(TestRunner.java:505)
	at org.testng.SuiteRunner.runTest(SuiteRunner.java:455)
	at org.testng.SuiteRunner.access$000(SuiteRunner.java:40)
	at org.testng.SuiteRunner$SuiteWorker.run(SuiteRunner.java:489)
	at org.testng.internal.thread.ThreadUtil$1.call(ThreadUtil.java:52)
	at java.util.concurrent.FutureTask.run(Unknown Source)
	at java.util.concurrent.ThreadPoolExecutor.runWorker(Unknown Source)
	at java.util.concurrent.ThreadPoolExecutor$Worker.run(Unknown Source)
	at java.lang.Thread.run(Unknown Source)
</textarea>
				</td>
			</tr>
			<tr class="event-row">
				<td><i class="fa fa-info text-info"></i></td>
				<td>3:51:47 PM</td>
				<td>
						TC_loginDDT test failed.
				</td>
			</tr>
	</tbody>
</table>
</div>
					</div>
				</li>
			</ul>
		</div>
	</div>
	<div class="test-content scrollable">
		<div class="test-content-tools">
			<ul>
				<li>
					<a class="back-to-test" href="javascript:void(0)">
					<i class="fa fa-arrow-left"></i>
					</a>
				</li>
			</ul>
		</div>
		<div class="test-content-detail">
			<div class="detail-body"></div>
		</div>
	</div>
</div><div class="test-wrapper row exception-view attributes-view">
	<div class="test-list">
		<div class="test-list-tools">
			<ul class="tools pull-left">
				<li>
					<a href="">
					<span class="font-size-14">Exception</span>
					</a>
				</li>
			</ul>
			<ul class="tools text-right">
				<li>
					<a href="#">
					<span class="badge badge-primary">4</span>
					</a>
				</li>
			</ul>
		</div>
		<div class="test-list-wrapper scrollable">
			<ul class="test-list-item">
				<li class="test-item">
					<div class="open-test">
						<div class="test-detail">
							<p class="name">java.lang.AssertionError</p>
							<p class="duration text-sm">5 tests</p>
						</div>
					</div>
					<div class="test-contents d-none">
						<div class="info">
							<h4>java.lang.AssertionError</h4>
						</div>
						<table class='table table-sm mt-4'>
							<thead>
								<tr>
									<th class="status-col">Status</th>
									<th class="timestamp-col">Timestamp</th>
									<th>TestName</th>
								</tr>
							</thead>
							<tbody>
								<tr>
									<td>
										<div class='status-avatar fail-bg'>
											<i class="fa fa-times text-white"></i>
										</div>
									</td>
									<td>15:38:43 PM</td>
									<td class='linked' test-id='1'>
										TC_Login
									</td>
								</tr>
								<tr>
									<td>
										<div class='status-avatar fail-bg'>
											<i class="fa fa-times text-white"></i>
										</div>
									</td>
									<td>15:38:52 PM</td>
									<td class='linked' test-id='2'>
										TC_loginDDT
									</td>
								</tr>
								<tr>
									<td>
										<div class='status-avatar fail-bg'>
											<i class="fa fa-times text-white"></i>
										</div>
									</td>
									<td>15:39:26 PM</td>
									<td class='linked' test-id='8'>
										TC_logintoDD
									</td>
								</tr>
								<tr>
									<td>
										<div class='status-avatar fail-bg'>
											<i class="fa fa-times text-white"></i>
										</div>
									</td>
									<td>15:39:13 PM</td>
									<td class='linked' test-id='6'>
										TC_loginDDT
									</td>
								</tr>
								<tr>
									<td>
										<div class='status-avatar fail-bg'>
											<i class="fa fa-times text-white"></i>
										</div>
									</td>
									<td>15:41:23 PM</td>
									<td class='linked' test-id='24'>
										TC_verifySetAsDefaultLink
									</td>
								</tr>
							</tbody>
						</table>
					</div>
				</li>
				<li class="test-item">
					<div class="open-test">
						<div class="test-detail">
							<p class="name">java.lang.Throwable</p>
							<p class="duration text-sm">1 tests</p>
						</div>
					</div>
					<div class="test-contents d-none">
						<div class="info">
							<h4>java.lang.Throwable</h4>
						</div>
						<table class='table table-sm mt-4'>
							<thead>
								<tr>
									<th class="status-col">Status</th>
									<th class="timestamp-col">Timestamp</th>
									<th>TestName</th>
								</tr>
							</thead>
							<tbody>
								<tr>
									<td>
										<div class='status-avatar fail-bg'>
											<i class="fa fa-times text-white"></i>
										</div>
									</td>
									<td>15:38:43 PM</td>
									<td class='linked' test-id='1'>
										TC_Login
									</td>
								</tr>
							</tbody>
						</table>
					</div>
				</li>
				<li class="test-item">
					<div class="open-test">
						<div class="test-detail">
							<p class="name">org.openqa.selenium.NoSuchWindowException</p>
							<p class="duration text-sm">1 tests</p>
						</div>
					</div>
					<div class="test-contents d-none">
						<div class="info">
							<h4>org.openqa.selenium.NoSuchWindowException</h4>
						</div>
						<table class='table table-sm mt-4'>
							<thead>
								<tr>
									<th class="status-col">Status</th>
									<th class="timestamp-col">Timestamp</th>
									<th>TestName</th>
								</tr>
							</thead>
							<tbody>
								<tr>
									<td>
										<div class='status-avatar fail-bg'>
											<i class="fa fa-times text-white"></i>
										</div>
									</td>
									<td>15:48:32 PM</td>
									<td class='linked' test-id='38'>
										TC_loginDDT
									</td>
								</tr>
							</tbody>
						</table>
					</div>
				</li>
				<li class="test-item">
					<div class="open-test">
						<div class="test-detail">
							<p class="name">org.openqa.selenium.WebDriverException</p>
							<p class="duration text-sm">1 tests</p>
						</div>
					</div>
					<div class="test-contents d-none">
						<div class="info">
							<h4>org.openqa.selenium.WebDriverException</h4>
						</div>
						<table class='table table-sm mt-4'>
							<thead>
								<tr>
									<th class="status-col">Status</th>
									<th class="timestamp-col">Timestamp</th>
									<th>TestName</th>
								</tr>
							</thead>
							<tbody>
								<tr>
									<td>
										<div class='status-avatar fail-bg'>
											<i class="fa fa-times text-white"></i>
										</div>
									</td>
									<td>15:48:32 PM</td>
									<td class='linked' test-id='38'>
										TC_loginDDT
									</td>
								</tr>
							</tbody>
						</table>
					</div>
				</li>
			</ul>
		</div>
	</div>
	<div class="test-content scrollable">
		<div class="test-content-tools">
			<ul>
				<li>
					<a class="back-to-test" href="javascript:void(0)">
					<i class="fa fa-arrow-left"></i>
					</a>
				</li>
			</ul>
		</div>
		<div class="test-content-detail">
			<div class="detail-body"></div>
		</div>
	</div>
</div>                    <!-- dashboard -->
<div class="container-fluid p-4 dashboard-view">
	<div class="row">
		<div class="col-md-6">
			<div class="card">
				<div class="card-header">
					<h6 class="card-title">Tests</h6>
				</div>
				<div class="card-body">
					<div class="">
						<canvas id='parent-analysis' width='115' height='90'></canvas>
					</div>
				</div>
				<div class="card-footer">
					<div><small data-tooltip='84.211%'>
						<b>32</b> tests passed
						</small>
					</div>
					<div>
						<small data-tooltip='15.789%'><b>6</b> tests failed, 
						<b>0</b> skipped, <b data-tooltip='0%'>0</b> others
						</small>
					</div>
				</div>
			</div>
		</div>
		<div class="col-md-6">
			<div class="card">
				<div class="card-header">
					<h6 class="card-title">Log events</h6>
				</div>
				<div class="card-body">
					<div class="">
						<canvas id='events-analysis' width='115' height='90'></canvas>
					</div>
				</div>
				<div class="card-footer">
					<div><small data-tooltip='35.556%'><b>32</b> events passed</small></div>
					<div>
						<small data-tooltip='7.778%'><b>7</b> events failed, 
						<b data-tooltip='56.667%'>51</b> others
						</small>
					</div>
				</div>
			</div>
		</div>
	</div>
	<div class="row">
		<div class="col-md-3">
			<div class="card">
				<div class="card-body box-height-150">
					<div class="media justify-content-between">
						<div class="card-header">
							<h6 class="card-title">Tests</h6>
							<h2 class="font-size-28 font-weight-light mt-3">38</h2>
							<span class="text-semibold text-success font-size-15">
							<i class="ti-arrow-up font-size-11"></i> 
							<span>84.21%</span>
							</span>
						</div>
						<div class="align-self-end">
							<i class="fa fa-align-left font-size-70 opacity-01"></i>
						</div>
					</div>
				</div>
			</div>
		</div>
		<div class="col-md-3">
			<div class="card">
				<div class="card-body box-height-150">
					<div class="media justify-content-between">
						<div class="card-header">
							<h6 class="card-title">Start</h6>
							<h4 class="font-weight-light mt-4">Aug 13, 2021 03:38:25 PM</h4>
							<span class="text-semibold text-success font-size-15">
						</div>
						<div class="align-self-end">
							<i class="fa fa-clock-o font-size-70 text-success opacity-01"></i>
						</div>
					</div>
				</div>
			</div>
		</div>
		<div class="col-md-3">
			<div class="card">
				<div class="card-body box-height-150">
					<div class="media justify-content-between">
						<div class="card-header">
							<h6 class="card-title">Duration</h6>
							<h4 class="font-weight-light mt-4">0h 13m 21s+892ms</h4>
							<span class="text-semibold font-size-15">
						</div>
						<div class="align-self-end">
							<i class="fa fa-clock-o font-size-70 opacity-01"></i>
						</div>
					</div>
				</div>
			</div>
		</div>
	</div>
	<div class="row">
		<div class="col-md-12">
			<div class="card">
				<div class="card-header">
					<h6 class="card-title">Timeline</h6>
				</div>
				<div class="card-body">
					<div class="">
						<canvas id="timeline" height="120"></canvas>
					</div>
				</div>
			</div>
		</div>
	</div>
	<div class="row">
		<div class="col-md-4">
			<div class="card">
				<div class="card-header">
					<h6 class="card-title">Environment</h6>
				</div>
				<div class="table-overflow">
					<table class="table table-sm">
						<thead>
							<tr class="bg-gray">
								<th>Name</th>
								<th>Value</th>
							</tr>
						</thead>
						<tbody>
							<tr>
								<td>Tester</td>
								<td>Gayathri</td>
							</tr>
						</tbody>
					</table>
				</div>
			</div>
		</div>
	</div>
</div>
<script>
	var statusGroup = {
	    parentCount: 38,
		passParent: 32,
		failParent: 6,
		fatalParent: 0,
		errorParent: 0,
		warningParent: 0,
		skipParent: 0,
		exceptionsParent: 6,
		childCount: 0,
		passChild: 0,
		failChild: 0,
		fatalChild: 0,
		errorChild: 0,
		warningChild: 0,
		skipChild: 0,
		infoChild: 0,
		debugChild: 0,
		exceptionsChild: 0,
		grandChildCount: 0,
		passGrandChild: 0,
		failGrandChild: 0,
		fatalGrandChild: 0,
		errorGrandChild: 0,
		warningGrandChild: 0,
		skipGrandChild: 0,
		infoGrandChild: 0,
		debugGrandChild: 0,
		exceptionsGrandChild: 0,
		eventsCount: 90,
		passEvents: 32,
		failEvents: 7,
		fatalEvents: 0,
		errorEvents: 0,
		warningEvents: 0,
		skipEvents: 3,
		infoEvents: 48,
		debugEvents: 0,
		exceptionsEvents: 0
	};
</script>
<script>
	var timeline = {
	        "TC_Login":44.066,"TC_loginDDT":19.607,"TC_verifyLoginPageTitle":16.872,"TC_verifyLoginPageMandatoryfields":0.251,"TC_verifyForgotEmailPasswordLink":2.476,"TC_loginDDT":61.71,"TC_verifyCreateAccountButton":11.732,"TC_logintoDD":21.873,"TC_verifyAddressBookPageTitle":0.104,"TC_verifyAddressBookPageHeading":0.145,"TC_verifyAddNewShipToAddressLinkDisplay":0.069,"TC_verifyAddressBookLeftPanelLinksDisplay":0.246,"TC_verifyAddressBookLinksNavigations":8.003,"TC_verifyAddressBookLinksNavigations":3.475,"TC_verifyAddressBookLinksNavigations":2.754,"TC_verifyAddressBookLinksNavigations":8.678,"TC_verifyAddressBookLinksNavigations":4.029,"TC_loginDDT":248.136,"TC_verifyAddressBookLinksNavigations":3.631,"TC_verifyAddressBookLinksNavigations":6.278,"TC_verifyAddressBookLinksNavigations":21.668,"TC_verifyAddNewShipToAddressLink":15.503,"TC_verifyEditLink":11.783,"TC_verifySetAsDefaultLink":6.76,"TC_verifyDeleteLinkNoBtn":2.38,"TC_verifyDeleteLinkYesBtn":61.778,"TC_verifyCountryDropdownIsAList":1.994,"TC_verifyCountryDropdownDefaultValue":1.636,"TC_verifyStateDropdownOptions":0.714,"TC_verifyReceivTypeWithShippingDock":1.865,"TC_verifyReceivTypeWithoutShippingDock":1.903,"TC_verifyMandatoryFieldsAlertMsgDisplay":3.189,"TC_verifyFirstNameTextboxMaxLength":0.299,"TC_verifyLastNameTextboxMaxlength":0.334,"TC_verifyStreetAddressTextbox":1.78,"TC_verifyAptStebldgTextbox":1.741,"TC_loginDDT":245.531,"TC_loginDDT":195.048
	};
</script>
                </div>
            </div>
        </div>
    </div>
    <script src="https://cdn.jsdelivr.net/gh/extent-framework/extent-github-cdn@b00a2d0486596e73dd7326beacf352c639623a0e/spark/js/spark-script.js"></script>
<script type="text/javascript">


</script></body>
</html>