20:57:24.626 [TestNG-tests-4] DEBUG DollarDays - Navigating to Login Page.
20:57:25.198 [TestNG-tests-2] INFO  DollarDays - Navigated to Homepage of  Dollardays 
20:57:25.198 [TestNG-tests-2] INFO  DollarDays - Deleting cookies
20:57:25.218 [TestNG-tests-2] INFO  DollarDays - Maximize browser window 
20:57:25.247 [TestNG-tests-2] INFO  DollarDays - TC_verifyLoginPageTitle Test is starting.  TestCase verifies LoginPage Title is displayed correctly.
20:57:25.247 [TestNG-tests-2] DEBUG DollarDays - Clicking  SigninIcon and then SignIn option from the DropDown List to navigate to Login Page
20:57:26.868 [TestNG-tests-3] INFO  DollarDays - Navigated to Homepage of  Dollardays 
20:57:26.868 [TestNG-tests-3] INFO  DollarDays - Deleting cookies
20:57:26.892 [TestNG-tests-3] INFO  DollarDays - Maximize browser window 
20:57:26.915 [TestNG-tests-3] INFO  DollarDays - Fetching Login data credentials from Excel File.
20:57:28.231 [TestNG-tests-3] INFO  DollarDays - TC_loginDDT Test is starting. This Testcase checks for logging in functionality using valid and invalid username/password combinations
20:57:28.242 [TestNG-tests-3] DEBUG DollarDays - Clicking  SigninIcon and then SignIn option from the DropDown List to navigate to Login Page
20:57:37.926 [TestNG-tests-1] INFO  DollarDays - Logging into Dollardays Website .
20:57:37.926 [TestNG-tests-1] DEBUG DollarDays - Navigating to Login Page.
20:57:42.541 [TestNG-tests-4] DEBUG DollarDays - Clearing and Entering UserEmail and Password
20:57:42.866 [TestNG-tests-2] INFO  DollarDays - Verified loginpage title successfully
20:57:42.868 [TestNG-tests-2] INFO  DollarDays - TC_verifyLoginPageTitle Test is passed
20:57:43.288 [TestNG-tests-4] DEBUG DollarDays - Clicking Sign in Button
20:57:43.505 [TestNG-tests-2] INFO  DollarDays - TC_verifyLoginPageMandatoryfields Test is starting.  TestCase verifies Email Address and Password fields are mandatory in LoginPage.
20:57:43.683 [TestNG-tests-2] INFO  DollarDays - TC_verifyLoginPageMandatoryfields Test is passed
20:57:44.098 [TestNG-tests-2] INFO  DollarDays - TC_verifyForgotEmailPasswordLink Test is starting.  TestCase verifies the navigation of Forgot password link .
20:57:44.098 [TestNG-tests-2] DEBUG DollarDays - Clicking  the link - Forgot your Email or Password in Login Page
20:57:52.569 [TestNG-tests-3] DEBUG DollarDays - Clearing and Entering UserEmail and Password .
20:57:53.236 [TestNG-tests-3] DEBUG DollarDays - Clicking Sign in Button.
20:57:53.357 [TestNG-tests-2] INFO  DollarDays - Verified Forgot Your Email or Password Link successfully
20:57:53.357 [TestNG-tests-2] INFO  DollarDays - TC_verifyForgotEmailPasswordLink Test is passed
20:57:53.466 [TestNG-tests-3] ERROR DollarDays - TC_loginDDT test failed.  java.lang.AssertionError: Could not sign in to DollarDays with valid user team6testing@gmail.com and valid password password123. TestCase Failed. expected [true] but found [false]
20:57:53.822 [TestNG-tests-2] INFO  DollarDays - TC_verifyCreateAccountButton Test is starting.  TestCase verifies functionality of CreateAccount button .
20:57:54.075 [TestNG-tests-3] INFO  DollarDays - TC_loginDDT Test is starting. This Testcase checks for logging in functionality using valid and invalid username/password combinations
20:57:54.083 [TestNG-tests-3] DEBUG DollarDays - Clearing and Entering UserEmail and Password .
20:57:54.415 [TestNG-tests-3] DEBUG DollarDays - Clicking Sign in Button.
20:57:55.760 [TestNG-tests-2] DEBUG DollarDays - Clicking  the Create Account button in Login Page
20:57:57.636 [TestNG-tests-1] DEBUG DollarDays - Clearing and Entering UserEmail and Password
20:57:58.464 [TestNG-tests-2] INFO  DollarDays - Verified the functionality of CreateAccount button 
20:57:58.464 [TestNG-tests-2] INFO  DollarDays - TC_verifyCreateAccountButton Test is passed
20:57:58.494 [TestNG-tests-1] DEBUG DollarDays - Clicking Sign in Button
20:57:58.717 [TestNG-tests-1] INFO  DollarDays - Checking if user has signed in to dollardays WebPage
20:57:59.060 [TestNG-tests-2] INFO  DollarDays - TC_logintoDD Test is starting. Testcase checks if the user is able to login successfully with valid username/password combination
20:57:59.060 [TestNG-tests-2] DEBUG DollarDays - Refreshing HomePage /Navigating to HomePage
20:58:07.978 [TestNG-tests-2] DEBUG DollarDays - Clicking  SigninIcon and then SignIn option from the DropDown List to navigate to Login Page
20:58:08.046 [TestNG-tests-1] INFO  DollarDays - User is not Signed in
20:58:08.048 [TestNG-tests-1] ERROR DollarDays - TC_Login test failed.  java.lang.AssertionError: Could not Login to Dollardays.Testcase failed. expected [true] but found [false]
20:58:10.688 [TestNG-tests-1] WARN  DollarDays - TC_verifyUserHomePageTitle Test was skipped. java.lang.Throwable: Method HomePageAfterSigninTest.TC_verifyUserHomePageTitle()[pri:1, instance:com.DollarDays.testCases.HomePageAfterSigninTest@704deff2] depends on not successfully finished methods
20:58:10.696 [TestNG-tests-1] WARN  DollarDays - TC_CheckUserDropDownList Test was skipped. java.lang.Throwable: Method HomePageAfterSigninTest.TC_CheckUserDropDownList()[pri:2, instance:com.DollarDays.testCases.HomePageAfterSigninTest@704deff2] depends on not successfully finished methods
