<?xml version="1.0" encoding="UTF-8"?>
<testng-results skipped="9" failed="3" ignored="0" total="27" passed="15">
  <reporter-output>
  </reporter-output>
  <suite name="Default suite" duration-ms="85691" started-at="2021-08-31T13:55:51 PDT" finished-at="2021-08-31T13:57:17 PDT">
    <groups>
    </groups>
    <test name="Default test" duration-ms="85691" started-at="2021-08-31T13:55:51 PDT" finished-at="2021-08-31T13:57:17 PDT">
      <class name="com.DollarDays.testCases.AddressBookPageTest">
        <test-method status="PASS" signature="initialize()[pri:0, instance:com.DollarDays.testCases.AddressBookPageTest@3972a855]" name="initialize" is-config="true" duration-ms="24102" started-at="2021-08-31T13:55:51 PDT" finished-at="2021-08-31T13:56:15 PDT">
          <reporter-output>
          </reporter-output>
        </test-method> <!-- initialize -->
        <test-method status="PASS" signature="TC_verifyAddressBookPageTitle()[pri:1, instance:com.DollarDays.testCases.AddressBookPageTest@3972a855]" name="TC_verifyAddressBookPageTitle" duration-ms="129" started-at="2021-08-31T13:56:15 PDT" description="TestCase verifies AddressBookPage Title is displayed correctly." finished-at="2021-08-31T13:56:16 PDT">
          <reporter-output>
          </reporter-output>
        </test-method> <!-- TC_verifyAddressBookPageTitle -->
        <test-method status="PASS" signature="TC_verifyAddressBookPageHeading()[pri:2, instance:com.DollarDays.testCases.AddressBookPageTest@3972a855]" name="TC_verifyAddressBookPageHeading" duration-ms="66" started-at="2021-08-31T13:56:16 PDT" description="TestCase verifies AddressBookPage Header is displayed correctly." finished-at="2021-08-31T13:56:16 PDT">
          <reporter-output>
          </reporter-output>
        </test-method> <!-- TC_verifyAddressBookPageHeading -->
        <test-method status="PASS" signature="TC_verifyAddNewShipToAddressLinkDisplay()[pri:3, instance:com.DollarDays.testCases.AddressBookPageTest@3972a855]" name="TC_verifyAddNewShipToAddressLinkDisplay" duration-ms="35" started-at="2021-08-31T13:56:16 PDT" description="TestCase verifies Add A NEW SHIP-TO ADDRESS Link is displayed." finished-at="2021-08-31T13:56:16 PDT">
          <reporter-output>
          </reporter-output>
        </test-method> <!-- TC_verifyAddNewShipToAddressLinkDisplay -->
        <test-method status="PASS" signature="TC_verifyAddressBookLeftPanelLinksDisplay()[pri:4, instance:com.DollarDays.testCases.AddressBookPageTest@3972a855]" name="TC_verifyAddressBookLeftPanelLinksDisplay" duration-ms="1050" started-at="2021-08-31T13:56:16 PDT" description="TestCase verifies AddressBook LeftPanel LinkTexts are displayed correctly." finished-at="2021-08-31T13:56:17 PDT">
          <reporter-output>
          </reporter-output>
        </test-method> <!-- TC_verifyAddressBookLeftPanelLinksDisplay -->
        <test-method status="PASS" signature="TC_verifyAddressBookLinksNavigations(java.lang.String)[pri:5, instance:com.DollarDays.testCases.AddressBookPageTest@3972a855]" name="TC_verifyAddressBookLinksNavigations" duration-ms="1942" started-at="2021-08-31T13:56:17 PDT" description="TestCase verifies AddressBook LeftPanel Links are navigating correctly." data-provider="getuserlinks" finished-at="2021-08-31T13:56:19 PDT">
          <params>
            <param index="0">
              <value>
                <![CDATA[Account Overview]]>
              </value>
            </param>
          </params>
          <reporter-output>
          </reporter-output>
        </test-method> <!-- TC_verifyAddressBookLinksNavigations -->
        <test-method status="PASS" signature="TC_verifyAddressBookLinksNavigations(java.lang.String)[pri:5, instance:com.DollarDays.testCases.AddressBookPageTest@3972a855]" name="TC_verifyAddressBookLinksNavigations" duration-ms="3268" started-at="2021-08-31T13:56:19 PDT" description="TestCase verifies AddressBook LeftPanel Links are navigating correctly." data-provider="getuserlinks" finished-at="2021-08-31T13:56:22 PDT">
          <params>
            <param index="0">
              <value>
                <![CDATA[My Profile]]>
              </value>
            </param>
          </params>
          <reporter-output>
          </reporter-output>
        </test-method> <!-- TC_verifyAddressBookLinksNavigations -->
        <test-method status="PASS" signature="TC_verifyAddressBookLinksNavigations(java.lang.String)[pri:5, instance:com.DollarDays.testCases.AddressBookPageTest@3972a855]" name="TC_verifyAddressBookLinksNavigations" duration-ms="2291" started-at="2021-08-31T13:56:22 PDT" description="TestCase verifies AddressBook LeftPanel Links are navigating correctly." data-provider="getuserlinks" finished-at="2021-08-31T13:56:24 PDT">
          <params>
            <param index="0">
              <value>
                <![CDATA[My Address Book]]>
              </value>
            </param>
          </params>
          <reporter-output>
          </reporter-output>
        </test-method> <!-- TC_verifyAddressBookLinksNavigations -->
        <test-method status="PASS" signature="TC_verifyAddressBookLinksNavigations(java.lang.String)[pri:5, instance:com.DollarDays.testCases.AddressBookPageTest@3972a855]" name="TC_verifyAddressBookLinksNavigations" duration-ms="1290" started-at="2021-08-31T13:56:24 PDT" description="TestCase verifies AddressBook LeftPanel Links are navigating correctly." data-provider="getuserlinks" finished-at="2021-08-31T13:56:26 PDT">
          <params>
            <param index="0">
              <value>
                <![CDATA[My Wallet]]>
              </value>
            </param>
          </params>
          <reporter-output>
          </reporter-output>
        </test-method> <!-- TC_verifyAddressBookLinksNavigations -->
        <test-method status="PASS" signature="TC_verifyAddressBookLinksNavigations(java.lang.String)[pri:5, instance:com.DollarDays.testCases.AddressBookPageTest@3972a855]" name="TC_verifyAddressBookLinksNavigations" duration-ms="2963" started-at="2021-08-31T13:56:26 PDT" description="TestCase verifies AddressBook LeftPanel Links are navigating correctly." data-provider="getuserlinks" finished-at="2021-08-31T13:56:29 PDT">
          <params>
            <param index="0">
              <value>
                <![CDATA[Tax Exempt]]>
              </value>
            </param>
          </params>
          <reporter-output>
          </reporter-output>
        </test-method> <!-- TC_verifyAddressBookLinksNavigations -->
        <test-method status="PASS" signature="TC_verifyAddressBookLinksNavigations(java.lang.String)[pri:5, instance:com.DollarDays.testCases.AddressBookPageTest@3972a855]" name="TC_verifyAddressBookLinksNavigations" duration-ms="2608" started-at="2021-08-31T13:56:29 PDT" description="TestCase verifies AddressBook LeftPanel Links are navigating correctly." data-provider="getuserlinks" finished-at="2021-08-31T13:56:31 PDT">
          <params>
            <param index="0">
              <value>
                <![CDATA[My Favorites]]>
              </value>
            </param>
          </params>
          <reporter-output>
          </reporter-output>
        </test-method> <!-- TC_verifyAddressBookLinksNavigations -->
        <test-method status="PASS" signature="TC_verifyAddressBookLinksNavigations(java.lang.String)[pri:5, instance:com.DollarDays.testCases.AddressBookPageTest@3972a855]" name="TC_verifyAddressBookLinksNavigations" duration-ms="3094" started-at="2021-08-31T13:56:31 PDT" description="TestCase verifies AddressBook LeftPanel Links are navigating correctly." data-provider="getuserlinks" finished-at="2021-08-31T13:56:34 PDT">
          <params>
            <param index="0">
              <value>
                <![CDATA[Order History]]>
              </value>
            </param>
          </params>
          <reporter-output>
          </reporter-output>
        </test-method> <!-- TC_verifyAddressBookLinksNavigations -->
        <test-method status="PASS" signature="TC_verifyAddressBookLinksNavigations(java.lang.String)[pri:5, instance:com.DollarDays.testCases.AddressBookPageTest@3972a855]" name="TC_verifyAddressBookLinksNavigations" duration-ms="13991" started-at="2021-08-31T13:56:34 PDT" description="TestCase verifies AddressBook LeftPanel Links are navigating correctly." data-provider="getuserlinks" finished-at="2021-08-31T13:56:48 PDT">
          <params>
            <param index="0">
              <value>
                <![CDATA[Log Out]]>
              </value>
            </param>
          </params>
          <reporter-output>
          </reporter-output>
        </test-method> <!-- TC_verifyAddressBookLinksNavigations -->
        <test-method status="PASS" signature="TC_verifyAddNewShipToAddressLink()[pri:6, instance:com.DollarDays.testCases.AddressBookPageTest@3972a855]" name="TC_verifyAddNewShipToAddressLink" duration-ms="10429" started-at="2021-08-31T13:56:48 PDT" description="TestCase verifies new address is ADDED correctly in the AddressBook page." finished-at="2021-08-31T13:56:59 PDT">
          <reporter-output>
          </reporter-output>
        </test-method> <!-- TC_verifyAddNewShipToAddressLink -->
        <test-method status="PASS" signature="TC_verifyEditLink()[pri:7, instance:com.DollarDays.testCases.AddressBookPageTest@3972a855]" name="TC_verifyEditLink" duration-ms="9963" started-at="2021-08-31T13:56:59 PDT" description="TestCase verifies saved address is EDITED correctly in the AddressBook page." depends-on-methods="com.DollarDays.testCases.AddressBookPageTest.TC_verifyAddNewShipToAddressLink" finished-at="2021-08-31T13:57:09 PDT">
          <reporter-output>
          </reporter-output>
        </test-method> <!-- TC_verifyEditLink -->
        <test-method status="PASS" signature="TC_verifySetAsDefaultLink()[pri:8, instance:com.DollarDays.testCases.AddressBookPageTest@3972a855]" name="TC_verifySetAsDefaultLink" duration-ms="5616" started-at="2021-08-31T13:57:09 PDT" description="TestCase verifies address when setasdefault is saved correctly in the AddressBook page and AccountOverview Page" depends-on-methods="com.DollarDays.testCases.AddressBookPageTest.TC_verifyAddNewShipToAddressLink" finished-at="2021-08-31T13:57:14 PDT">
          <reporter-output>
          </reporter-output>
        </test-method> <!-- TC_verifySetAsDefaultLink -->
        <test-method status="FAIL" signature="TC_verifyDeleteLinkNoBtn()[pri:9, instance:com.DollarDays.testCases.AddressBookPageTest@3972a855]" name="TC_verifyDeleteLinkNoBtn" duration-ms="1000" started-at="2021-08-31T13:57:14 PDT" description="TestCase verifies saved Address is not deleted in AddressBook Page with Confirmation NO button" depends-on-methods="com.DollarDays.testCases.AddressBookPageTest.TC_verifyAddNewShipToAddressLink" finished-at="2021-08-31T13:57:15 PDT">
          <exception class="org.openqa.selenium.ElementNotInteractableException">
            <message>
              <![CDATA[Element <button class="btn btn-secondary closeolap" type="button"> could not be scrolled into view
Build info: version: '3.141.59', revision: 'e82be7d358', time: '2018-11-14T08:17:03'
System info: host: 'NAGENDRA-YOGA', ip: '192.168.1.8', os.name: 'Windows 10', os.arch: 'amd64', os.version: '10.0', java.version: '1.8.0_291'
Driver info: org.openqa.selenium.firefox.FirefoxDriver
Capabilities {acceptInsecureCerts: true, browserName: firefox, browserVersion: 89.0.2, javascriptEnabled: true, moz:accessibilityChecks: false, moz:buildID: 20210622155641, moz:geckodriverVersion: 0.29.0, moz:headless: false, moz:processID: 15004, moz:profile: C:\Users\madhu\AppData\Loca..., moz:shutdownTimeout: 60000, moz:useNonSpecCompliantPointerOrigin: false, moz:webdriverClick: true, pageLoadStrategy: normal, platform: WINDOWS, platformName: WINDOWS, platformVersion: 10.0, setWindowRect: true, strictFileInteractability: false, timeouts: {implicit: 0, pageLoad: 300000, script: 30000}, unhandledPromptBehavior: dismiss and notify}
Session ID: 757b251c-ae0c-48f2-9d95-d49a1c13f0ce]]>
            </message>
            <full-stacktrace>
              <![CDATA[org.openqa.selenium.ElementNotInteractableException: Element <button class="btn btn-secondary closeolap" type="button"> could not be scrolled into view
Build info: version: '3.141.59', revision: 'e82be7d358', time: '2018-11-14T08:17:03'
System info: host: 'NAGENDRA-YOGA', ip: '192.168.1.8', os.name: 'Windows 10', os.arch: 'amd64', os.version: '10.0', java.version: '1.8.0_291'
Driver info: org.openqa.selenium.firefox.FirefoxDriver
Capabilities {acceptInsecureCerts: true, browserName: firefox, browserVersion: 89.0.2, javascriptEnabled: true, moz:accessibilityChecks: false, moz:buildID: 20210622155641, moz:geckodriverVersion: 0.29.0, moz:headless: false, moz:processID: 15004, moz:profile: C:\Users\madhu\AppData\Loca..., moz:shutdownTimeout: 60000, moz:useNonSpecCompliantPointerOrigin: false, moz:webdriverClick: true, pageLoadStrategy: normal, platform: WINDOWS, platformName: WINDOWS, platformVersion: 10.0, setWindowRect: true, strictFileInteractability: false, timeouts: {implicit: 0, pageLoad: 300000, script: 30000}, unhandledPromptBehavior: dismiss and notify}
Session ID: 757b251c-ae0c-48f2-9d95-d49a1c13f0ce
at sun.reflect.NativeConstructorAccessorImpl.newInstance0(Native Method)
at sun.reflect.NativeConstructorAccessorImpl.newInstance(Unknown Source)
at sun.reflect.DelegatingConstructorAccessorImpl.newInstance(Unknown Source)
at java.lang.reflect.Constructor.newInstance(Unknown Source)
at org.openqa.selenium.remote.http.W3CHttpResponseCodec.createException(W3CHttpResponseCodec.java:187)
at org.openqa.selenium.remote.http.W3CHttpResponseCodec.decode(W3CHttpResponseCodec.java:122)
at org.openqa.selenium.remote.http.W3CHttpResponseCodec.decode(W3CHttpResponseCodec.java:49)
at org.openqa.selenium.remote.HttpCommandExecutor.execute(HttpCommandExecutor.java:158)
at org.openqa.selenium.remote.service.DriverCommandExecutor.execute(DriverCommandExecutor.java:83)
at org.openqa.selenium.remote.RemoteWebDriver.execute(RemoteWebDriver.java:552)
at org.openqa.selenium.remote.RemoteWebElement.execute(RemoteWebElement.java:285)
at org.openqa.selenium.remote.RemoteWebElement.click(RemoteWebElement.java:84)
at sun.reflect.GeneratedMethodAccessor4.invoke(Unknown Source)
at sun.reflect.DelegatingMethodAccessorImpl.invoke(Unknown Source)
at java.lang.reflect.Method.invoke(Unknown Source)
at org.openqa.selenium.support.pagefactory.internal.LocatingElementHandler.invoke(LocatingElementHandler.java:51)
at com.sun.proxy.$Proxy26.click(Unknown Source)
at com.DollarDays.utilities.ElementUtils.performElementClick(ElementUtils.java:69)
at com.DollarDays.pageObjects.AddressBookPage.clickNoButtonInConfirmationBox(AddressBookPage.java:245)
at com.DollarDays.testCases.AddressBookPageTest.TC_verifyDeleteLinkNoBtn(AddressBookPageTest.java:383)
at sun.reflect.NativeMethodAccessorImpl.invoke0(Native Method)
at sun.reflect.NativeMethodAccessorImpl.invoke(Unknown Source)
at sun.reflect.DelegatingMethodAccessorImpl.invoke(Unknown Source)
at java.lang.reflect.Method.invoke(Unknown Source)
at org.testng.internal.MethodInvocationHelper.invokeMethod(MethodInvocationHelper.java:133)
at org.testng.internal.TestInvoker.invokeMethod(TestInvoker.java:598)
at org.testng.internal.TestInvoker.invokeTestMethod(TestInvoker.java:173)
at org.testng.internal.MethodRunner.runInSequence(MethodRunner.java:46)
at org.testng.internal.TestInvoker$MethodInvocationAgent.invoke(TestInvoker.java:824)
at org.testng.internal.TestInvoker.invokeTestMethods(TestInvoker.java:146)
at org.testng.internal.TestMethodWorker.invokeTestMethods(TestMethodWorker.java:146)
at org.testng.internal.TestMethodWorker.run(TestMethodWorker.java:128)
at java.util.ArrayList.forEach(Unknown Source)
at org.testng.TestRunner.privateRun(TestRunner.java:794)
at org.testng.TestRunner.run(TestRunner.java:596)
at org.testng.SuiteRunner.runTest(SuiteRunner.java:377)
at org.testng.SuiteRunner.runSequentially(SuiteRunner.java:371)
at org.testng.SuiteRunner.privateRun(SuiteRunner.java:332)
at org.testng.SuiteRunner.run(SuiteRunner.java:276)
at org.testng.SuiteRunnerWorker.runSuite(SuiteRunnerWorker.java:53)
at org.testng.SuiteRunnerWorker.run(SuiteRunnerWorker.java:96)
at org.testng.TestNG.runSuitesSequentially(TestNG.java:1212)
at org.testng.TestNG.runSuitesLocally(TestNG.java:1134)
at org.testng.TestNG.runSuites(TestNG.java:1063)
at org.testng.TestNG.run(TestNG.java:1031)
at org.testng.remote.AbstractRemoteTestNG.run(AbstractRemoteTestNG.java:115)
at org.testng.remote.RemoteTestNG.initAndRun(RemoteTestNG.java:251)
at org.testng.remote.RemoteTestNG.main(RemoteTestNG.java:77)
]]>
            </full-stacktrace>
          </exception> <!-- org.openqa.selenium.ElementNotInteractableException -->
          <reporter-output>
          </reporter-output>
        </test-method> <!-- TC_verifyDeleteLinkNoBtn -->
        <test-method status="FAIL" signature="TC_verifyDeleteLinkYesBtn()[pri:10, instance:com.DollarDays.testCases.AddressBookPageTest@3972a855]" name="TC_verifyDeleteLinkYesBtn" duration-ms="101" started-at="2021-08-31T13:57:15 PDT" description="TestCase verifies saved Address is deleted in AddressBook Page with Confirmation YES button" depends-on-methods="com.DollarDays.testCases.AddressBookPageTest.TC_verifyAddNewShipToAddressLink" finished-at="2021-08-31T13:57:15 PDT">
          <exception class="org.openqa.selenium.ElementClickInterceptedException">
            <message>
              <![CDATA[Element <a class="deleteaddress" href="javascript:;"> is not clickable at point (1241,480) because another element <div class="modal-backdrop fade in"> obscures it
Build info: version: '3.141.59', revision: 'e82be7d358', time: '2018-11-14T08:17:03'
System info: host: 'NAGENDRA-YOGA', ip: '192.168.1.8', os.name: 'Windows 10', os.arch: 'amd64', os.version: '10.0', java.version: '1.8.0_291'
Driver info: org.openqa.selenium.firefox.FirefoxDriver
Capabilities {acceptInsecureCerts: true, browserName: firefox, browserVersion: 89.0.2, javascriptEnabled: true, moz:accessibilityChecks: false, moz:buildID: 20210622155641, moz:geckodriverVersion: 0.29.0, moz:headless: false, moz:processID: 15004, moz:profile: C:\Users\madhu\AppData\Loca..., moz:shutdownTimeout: 60000, moz:useNonSpecCompliantPointerOrigin: false, moz:webdriverClick: true, pageLoadStrategy: normal, platform: WINDOWS, platformName: WINDOWS, platformVersion: 10.0, setWindowRect: true, strictFileInteractability: false, timeouts: {implicit: 0, pageLoad: 300000, script: 30000}, unhandledPromptBehavior: dismiss and notify}
Session ID: 757b251c-ae0c-48f2-9d95-d49a1c13f0ce]]>
            </message>
            <full-stacktrace>
              <![CDATA[org.openqa.selenium.ElementClickInterceptedException: Element <a class="deleteaddress" href="javascript:;"> is not clickable at point (1241,480) because another element <div class="modal-backdrop fade in"> obscures it
Build info: version: '3.141.59', revision: 'e82be7d358', time: '2018-11-14T08:17:03'
System info: host: 'NAGENDRA-YOGA', ip: '192.168.1.8', os.name: 'Windows 10', os.arch: 'amd64', os.version: '10.0', java.version: '1.8.0_291'
Driver info: org.openqa.selenium.firefox.FirefoxDriver
Capabilities {acceptInsecureCerts: true, browserName: firefox, browserVersion: 89.0.2, javascriptEnabled: true, moz:accessibilityChecks: false, moz:buildID: 20210622155641, moz:geckodriverVersion: 0.29.0, moz:headless: false, moz:processID: 15004, moz:profile: C:\Users\madhu\AppData\Loca..., moz:shutdownTimeout: 60000, moz:useNonSpecCompliantPointerOrigin: false, moz:webdriverClick: true, pageLoadStrategy: normal, platform: WINDOWS, platformName: WINDOWS, platformVersion: 10.0, setWindowRect: true, strictFileInteractability: false, timeouts: {implicit: 0, pageLoad: 300000, script: 30000}, unhandledPromptBehavior: dismiss and notify}
Session ID: 757b251c-ae0c-48f2-9d95-d49a1c13f0ce
at sun.reflect.NativeConstructorAccessorImpl.newInstance0(Native Method)
at sun.reflect.NativeConstructorAccessorImpl.newInstance(Unknown Source)
at sun.reflect.DelegatingConstructorAccessorImpl.newInstance(Unknown Source)
at java.lang.reflect.Constructor.newInstance(Unknown Source)
at org.openqa.selenium.remote.http.W3CHttpResponseCodec.createException(W3CHttpResponseCodec.java:187)
at org.openqa.selenium.remote.http.W3CHttpResponseCodec.decode(W3CHttpResponseCodec.java:122)
at org.openqa.selenium.remote.http.W3CHttpResponseCodec.decode(W3CHttpResponseCodec.java:49)
at org.openqa.selenium.remote.HttpCommandExecutor.execute(HttpCommandExecutor.java:158)
at org.openqa.selenium.remote.service.DriverCommandExecutor.execute(DriverCommandExecutor.java:83)
at org.openqa.selenium.remote.RemoteWebDriver.execute(RemoteWebDriver.java:552)
at org.openqa.selenium.remote.RemoteWebElement.execute(RemoteWebElement.java:285)
at org.openqa.selenium.remote.RemoteWebElement.click(RemoteWebElement.java:84)
at sun.reflect.GeneratedMethodAccessor4.invoke(Unknown Source)
at sun.reflect.DelegatingMethodAccessorImpl.invoke(Unknown Source)
at java.lang.reflect.Method.invoke(Unknown Source)
at org.openqa.selenium.support.pagefactory.internal.LocatingElementHandler.invoke(LocatingElementHandler.java:51)
at com.sun.proxy.$Proxy26.click(Unknown Source)
at com.DollarDays.utilities.ElementUtils.performElementClick(ElementUtils.java:69)
at com.DollarDays.pageObjects.AddressBookPage.clickDeleteAddressLink(AddressBookPage.java:189)
at com.DollarDays.testCases.AddressBookPageTest.TC_verifyDeleteLinkYesBtn(AddressBookPageTest.java:412)
at sun.reflect.NativeMethodAccessorImpl.invoke0(Native Method)
at sun.reflect.NativeMethodAccessorImpl.invoke(Unknown Source)
at sun.reflect.DelegatingMethodAccessorImpl.invoke(Unknown Source)
at java.lang.reflect.Method.invoke(Unknown Source)
at org.testng.internal.MethodInvocationHelper.invokeMethod(MethodInvocationHelper.java:133)
at org.testng.internal.TestInvoker.invokeMethod(TestInvoker.java:598)
at org.testng.internal.TestInvoker.invokeTestMethod(TestInvoker.java:173)
at org.testng.internal.MethodRunner.runInSequence(MethodRunner.java:46)
at org.testng.internal.TestInvoker$MethodInvocationAgent.invoke(TestInvoker.java:824)
at org.testng.internal.TestInvoker.invokeTestMethods(TestInvoker.java:146)
at org.testng.internal.TestMethodWorker.invokeTestMethods(TestMethodWorker.java:146)
at org.testng.internal.TestMethodWorker.run(TestMethodWorker.java:128)
at java.util.ArrayList.forEach(Unknown Source)
at org.testng.TestRunner.privateRun(TestRunner.java:794)
at org.testng.TestRunner.run(TestRunner.java:596)
at org.testng.SuiteRunner.runTest(SuiteRunner.java:377)
at org.testng.SuiteRunner.runSequentially(SuiteRunner.java:371)
at org.testng.SuiteRunner.privateRun(SuiteRunner.java:332)
at org.testng.SuiteRunner.run(SuiteRunner.java:276)
at org.testng.SuiteRunnerWorker.runSuite(SuiteRunnerWorker.java:53)
at org.testng.SuiteRunnerWorker.run(SuiteRunnerWorker.java:96)
at org.testng.TestNG.runSuitesSequentially(TestNG.java:1212)
at org.testng.TestNG.runSuitesLocally(TestNG.java:1134)
at org.testng.TestNG.runSuites(TestNG.java:1063)
at org.testng.TestNG.run(TestNG.java:1031)
at org.testng.remote.AbstractRemoteTestNG.run(AbstractRemoteTestNG.java:115)
at org.testng.remote.RemoteTestNG.initAndRun(RemoteTestNG.java:251)
at org.testng.remote.RemoteTestNG.main(RemoteTestNG.java:77)
]]>
            </full-stacktrace>
          </exception> <!-- org.openqa.selenium.ElementClickInterceptedException -->
          <reporter-output>
          </reporter-output>
        </test-method> <!-- TC_verifyDeleteLinkYesBtn -->
        <test-method status="FAIL" signature="TC_verifyCountryDropdownIsAList()[pri:11, instance:com.DollarDays.testCases.AddressBookPageTest@3972a855]" name="TC_verifyCountryDropdownIsAList" duration-ms="136" started-at="2021-08-31T13:57:15 PDT" description="TestCase verifies Country is a dropdownlist" finished-at="2021-08-31T13:57:16 PDT">
          <exception class="org.openqa.selenium.ElementClickInterceptedException">
            <message>
              <![CDATA[Element <div class="col-md-6"> is not clickable at point (886,265) because another element <div class="modal-backdrop fade in"> obscures it
Build info: version: '3.141.59', revision: 'e82be7d358', time: '2018-11-14T08:17:03'
System info: host: 'NAGENDRA-YOGA', ip: '192.168.1.8', os.name: 'Windows 10', os.arch: 'amd64', os.version: '10.0', java.version: '1.8.0_291'
Driver info: org.openqa.selenium.firefox.FirefoxDriver
Capabilities {acceptInsecureCerts: true, browserName: firefox, browserVersion: 89.0.2, javascriptEnabled: true, moz:accessibilityChecks: false, moz:buildID: 20210622155641, moz:geckodriverVersion: 0.29.0, moz:headless: false, moz:processID: 15004, moz:profile: C:\Users\madhu\AppData\Loca..., moz:shutdownTimeout: 60000, moz:useNonSpecCompliantPointerOrigin: false, moz:webdriverClick: true, pageLoadStrategy: normal, platform: WINDOWS, platformName: WINDOWS, platformVersion: 10.0, setWindowRect: true, strictFileInteractability: false, timeouts: {implicit: 0, pageLoad: 300000, script: 30000}, unhandledPromptBehavior: dismiss and notify}
Session ID: 757b251c-ae0c-48f2-9d95-d49a1c13f0ce]]>
            </message>
            <full-stacktrace>
              <![CDATA[org.openqa.selenium.ElementClickInterceptedException: Element <div class="col-md-6"> is not clickable at point (886,265) because another element <div class="modal-backdrop fade in"> obscures it
Build info: version: '3.141.59', revision: 'e82be7d358', time: '2018-11-14T08:17:03'
System info: host: 'NAGENDRA-YOGA', ip: '192.168.1.8', os.name: 'Windows 10', os.arch: 'amd64', os.version: '10.0', java.version: '1.8.0_291'
Driver info: org.openqa.selenium.firefox.FirefoxDriver
Capabilities {acceptInsecureCerts: true, browserName: firefox, browserVersion: 89.0.2, javascriptEnabled: true, moz:accessibilityChecks: false, moz:buildID: 20210622155641, moz:geckodriverVersion: 0.29.0, moz:headless: false, moz:processID: 15004, moz:profile: C:\Users\madhu\AppData\Loca..., moz:shutdownTimeout: 60000, moz:useNonSpecCompliantPointerOrigin: false, moz:webdriverClick: true, pageLoadStrategy: normal, platform: WINDOWS, platformName: WINDOWS, platformVersion: 10.0, setWindowRect: true, strictFileInteractability: false, timeouts: {implicit: 0, pageLoad: 300000, script: 30000}, unhandledPromptBehavior: dismiss and notify}
Session ID: 757b251c-ae0c-48f2-9d95-d49a1c13f0ce
at sun.reflect.NativeConstructorAccessorImpl.newInstance0(Native Method)
at sun.reflect.NativeConstructorAccessorImpl.newInstance(Unknown Source)
at sun.reflect.DelegatingConstructorAccessorImpl.newInstance(Unknown Source)
at java.lang.reflect.Constructor.newInstance(Unknown Source)
at org.openqa.selenium.remote.http.W3CHttpResponseCodec.createException(W3CHttpResponseCodec.java:187)
at org.openqa.selenium.remote.http.W3CHttpResponseCodec.decode(W3CHttpResponseCodec.java:122)
at org.openqa.selenium.remote.http.W3CHttpResponseCodec.decode(W3CHttpResponseCodec.java:49)
at org.openqa.selenium.remote.HttpCommandExecutor.execute(HttpCommandExecutor.java:158)
at org.openqa.selenium.remote.service.DriverCommandExecutor.execute(DriverCommandExecutor.java:83)
at org.openqa.selenium.remote.RemoteWebDriver.execute(RemoteWebDriver.java:552)
at org.openqa.selenium.remote.RemoteWebElement.execute(RemoteWebElement.java:285)
at org.openqa.selenium.remote.RemoteWebElement.click(RemoteWebElement.java:84)
at sun.reflect.GeneratedMethodAccessor4.invoke(Unknown Source)
at sun.reflect.DelegatingMethodAccessorImpl.invoke(Unknown Source)
at java.lang.reflect.Method.invoke(Unknown Source)
at org.openqa.selenium.support.pagefactory.internal.LocatingElementHandler.invoke(LocatingElementHandler.java:51)
at com.sun.proxy.$Proxy26.click(Unknown Source)
at com.DollarDays.utilities.ElementUtils.performElementClick(ElementUtils.java:69)
at com.DollarDays.pageObjects.AddressBookPage.clickAddNewShipToAddressLink(AddressBookPage.java:69)
at com.DollarDays.testCases.AddressBookPageTest.TC_verifyCountryDropdownIsAList(AddressBookPageTest.java:444)
at sun.reflect.NativeMethodAccessorImpl.invoke0(Native Method)
at sun.reflect.NativeMethodAccessorImpl.invoke(Unknown Source)
at sun.reflect.DelegatingMethodAccessorImpl.invoke(Unknown Source)
at java.lang.reflect.Method.invoke(Unknown Source)
at org.testng.internal.MethodInvocationHelper.invokeMethod(MethodInvocationHelper.java:133)
at org.testng.internal.TestInvoker.invokeMethod(TestInvoker.java:598)
at org.testng.internal.TestInvoker.invokeTestMethod(TestInvoker.java:173)
at org.testng.internal.MethodRunner.runInSequence(MethodRunner.java:46)
at org.testng.internal.TestInvoker$MethodInvocationAgent.invoke(TestInvoker.java:824)
at org.testng.internal.TestInvoker.invokeTestMethods(TestInvoker.java:146)
at org.testng.internal.TestMethodWorker.invokeTestMethods(TestMethodWorker.java:146)
at org.testng.internal.TestMethodWorker.run(TestMethodWorker.java:128)
at java.util.ArrayList.forEach(Unknown Source)
at org.testng.TestRunner.privateRun(TestRunner.java:794)
at org.testng.TestRunner.run(TestRunner.java:596)
at org.testng.SuiteRunner.runTest(SuiteRunner.java:377)
at org.testng.SuiteRunner.runSequentially(SuiteRunner.java:371)
at org.testng.SuiteRunner.privateRun(SuiteRunner.java:332)
at org.testng.SuiteRunner.run(SuiteRunner.java:276)
at org.testng.SuiteRunnerWorker.runSuite(SuiteRunnerWorker.java:53)
at org.testng.SuiteRunnerWorker.run(SuiteRunnerWorker.java:96)
at org.testng.TestNG.runSuitesSequentially(TestNG.java:1212)
at org.testng.TestNG.runSuitesLocally(TestNG.java:1134)
at org.testng.TestNG.runSuites(TestNG.java:1063)
at org.testng.TestNG.run(TestNG.java:1031)
at org.testng.remote.AbstractRemoteTestNG.run(AbstractRemoteTestNG.java:115)
at org.testng.remote.RemoteTestNG.initAndRun(RemoteTestNG.java:251)
at org.testng.remote.RemoteTestNG.main(RemoteTestNG.java:77)
]]>
            </full-stacktrace>
          </exception> <!-- org.openqa.selenium.ElementClickInterceptedException -->
          <reporter-output>
          </reporter-output>
        </test-method> <!-- TC_verifyCountryDropdownIsAList -->
        <test-method status="SKIP" signature="TC_verifyCountryDropdownDefaultValue()[pri:12, instance:com.DollarDays.testCases.AddressBookPageTest@3972a855]" name="TC_verifyCountryDropdownDefaultValue" duration-ms="0" started-at="2021-08-31T13:57:16 PDT" description="TestCase verifies Country&#039;s default value is United States of America." depends-on-methods="com.DollarDays.testCases.AddressBookPageTest.TC_verifyCountryDropdownIsAList" finished-at="2021-08-31T13:57:16 PDT">
          <exception class="java.lang.Throwable">
            <message>
              <![CDATA[Method AddressBookPageTest.TC_verifyCountryDropdownDefaultValue()[pri:12, instance:com.DollarDays.testCases.AddressBookPageTest@3972a855] depends on not successfully finished methods]]>
            </message>
            <full-stacktrace>
              <![CDATA[java.lang.Throwable: Method AddressBookPageTest.TC_verifyCountryDropdownDefaultValue()[pri:12, instance:com.DollarDays.testCases.AddressBookPageTest@3972a855] depends on not successfully finished methods
at org.testng.internal.TestInvoker.invokeTestMethods(TestInvoker.java:102)
at org.testng.internal.TestMethodWorker.invokeTestMethods(TestMethodWorker.java:146)
at org.testng.internal.TestMethodWorker.run(TestMethodWorker.java:128)
at java.util.ArrayList.forEach(Unknown Source)
at org.testng.TestRunner.privateRun(TestRunner.java:794)
at org.testng.TestRunner.run(TestRunner.java:596)
at org.testng.SuiteRunner.runTest(SuiteRunner.java:377)
at org.testng.SuiteRunner.runSequentially(SuiteRunner.java:371)
at org.testng.SuiteRunner.privateRun(SuiteRunner.java:332)
at org.testng.SuiteRunner.run(SuiteRunner.java:276)
at org.testng.SuiteRunnerWorker.runSuite(SuiteRunnerWorker.java:53)
at org.testng.SuiteRunnerWorker.run(SuiteRunnerWorker.java:96)
at org.testng.TestNG.runSuitesSequentially(TestNG.java:1212)
at org.testng.TestNG.runSuitesLocally(TestNG.java:1134)
at org.testng.TestNG.runSuites(TestNG.java:1063)
at org.testng.TestNG.run(TestNG.java:1031)
at org.testng.remote.AbstractRemoteTestNG.run(AbstractRemoteTestNG.java:115)
at org.testng.remote.RemoteTestNG.initAndRun(RemoteTestNG.java:251)
at org.testng.remote.RemoteTestNG.main(RemoteTestNG.java:77)
]]>
            </full-stacktrace>
          </exception> <!-- java.lang.Throwable -->
          <reporter-output>
          </reporter-output>
        </test-method> <!-- TC_verifyCountryDropdownDefaultValue -->
        <test-method status="SKIP" signature="TC_verifyStateDropdownOptions()[pri:13, instance:com.DollarDays.testCases.AddressBookPageTest@3972a855]" name="TC_verifyStateDropdownOptions" duration-ms="0" started-at="2021-08-31T13:57:16 PDT" description="TestCase verifies State contains a dropdownlist and displays all the state options correctly." depends-on-methods="com.DollarDays.testCases.AddressBookPageTest.TC_verifyCountryDropdownDefaultValue" finished-at="2021-08-31T13:57:16 PDT">
          <exception class="java.lang.Throwable">
            <message>
              <![CDATA[Method AddressBookPageTest.TC_verifyStateDropdownOptions()[pri:13, instance:com.DollarDays.testCases.AddressBookPageTest@3972a855] depends on not successfully finished methods]]>
            </message>
            <full-stacktrace>
              <![CDATA[java.lang.Throwable: Method AddressBookPageTest.TC_verifyStateDropdownOptions()[pri:13, instance:com.DollarDays.testCases.AddressBookPageTest@3972a855] depends on not successfully finished methods
at org.testng.internal.TestInvoker.invokeTestMethods(TestInvoker.java:102)
at org.testng.internal.TestMethodWorker.invokeTestMethods(TestMethodWorker.java:146)
at org.testng.internal.TestMethodWorker.run(TestMethodWorker.java:128)
at java.util.ArrayList.forEach(Unknown Source)
at org.testng.TestRunner.privateRun(TestRunner.java:794)
at org.testng.TestRunner.run(TestRunner.java:596)
at org.testng.SuiteRunner.runTest(SuiteRunner.java:377)
at org.testng.SuiteRunner.runSequentially(SuiteRunner.java:371)
at org.testng.SuiteRunner.privateRun(SuiteRunner.java:332)
at org.testng.SuiteRunner.run(SuiteRunner.java:276)
at org.testng.SuiteRunnerWorker.runSuite(SuiteRunnerWorker.java:53)
at org.testng.SuiteRunnerWorker.run(SuiteRunnerWorker.java:96)
at org.testng.TestNG.runSuitesSequentially(TestNG.java:1212)
at org.testng.TestNG.runSuitesLocally(TestNG.java:1134)
at org.testng.TestNG.runSuites(TestNG.java:1063)
at org.testng.TestNG.run(TestNG.java:1031)
at org.testng.remote.AbstractRemoteTestNG.run(AbstractRemoteTestNG.java:115)
at org.testng.remote.RemoteTestNG.initAndRun(RemoteTestNG.java:251)
at org.testng.remote.RemoteTestNG.main(RemoteTestNG.java:77)
]]>
            </full-stacktrace>
          </exception> <!-- java.lang.Throwable -->
          <reporter-output>
          </reporter-output>
        </test-method> <!-- TC_verifyStateDropdownOptions -->
        <test-method status="SKIP" signature="TC_verifyReceivTypeWithShippingDock()[pri:14, instance:com.DollarDays.testCases.AddressBookPageTest@3972a855]" name="TC_verifyReceivTypeWithShippingDock" duration-ms="0" started-at="2021-08-31T13:57:16 PDT" description="TestCase verifies Company Name displays alert for commercial with shipping docks." depends-on-methods="com.DollarDays.testCases.AddressBookPageTest.TC_verifyCountryDropdownDefaultValue" finished-at="2021-08-31T13:57:16 PDT">
          <exception class="java.lang.Throwable">
            <message>
              <![CDATA[Method AddressBookPageTest.TC_verifyReceivTypeWithShippingDock()[pri:14, instance:com.DollarDays.testCases.AddressBookPageTest@3972a855] depends on not successfully finished methods]]>
            </message>
            <full-stacktrace>
              <![CDATA[java.lang.Throwable: Method AddressBookPageTest.TC_verifyReceivTypeWithShippingDock()[pri:14, instance:com.DollarDays.testCases.AddressBookPageTest@3972a855] depends on not successfully finished methods
at org.testng.internal.TestInvoker.invokeTestMethods(TestInvoker.java:102)
at org.testng.internal.TestMethodWorker.invokeTestMethods(TestMethodWorker.java:146)
at org.testng.internal.TestMethodWorker.run(TestMethodWorker.java:128)
at java.util.ArrayList.forEach(Unknown Source)
at org.testng.TestRunner.privateRun(TestRunner.java:794)
at org.testng.TestRunner.run(TestRunner.java:596)
at org.testng.SuiteRunner.runTest(SuiteRunner.java:377)
at org.testng.SuiteRunner.runSequentially(SuiteRunner.java:371)
at org.testng.SuiteRunner.privateRun(SuiteRunner.java:332)
at org.testng.SuiteRunner.run(SuiteRunner.java:276)
at org.testng.SuiteRunnerWorker.runSuite(SuiteRunnerWorker.java:53)
at org.testng.SuiteRunnerWorker.run(SuiteRunnerWorker.java:96)
at org.testng.TestNG.runSuitesSequentially(TestNG.java:1212)
at org.testng.TestNG.runSuitesLocally(TestNG.java:1134)
at org.testng.TestNG.runSuites(TestNG.java:1063)
at org.testng.TestNG.run(TestNG.java:1031)
at org.testng.remote.AbstractRemoteTestNG.run(AbstractRemoteTestNG.java:115)
at org.testng.remote.RemoteTestNG.initAndRun(RemoteTestNG.java:251)
at org.testng.remote.RemoteTestNG.main(RemoteTestNG.java:77)
]]>
            </full-stacktrace>
          </exception> <!-- java.lang.Throwable -->
          <reporter-output>
          </reporter-output>
        </test-method> <!-- TC_verifyReceivTypeWithShippingDock -->
        <test-method status="SKIP" signature="TC_verifyReceivTypeWithoutShippingDock()[pri:15, instance:com.DollarDays.testCases.AddressBookPageTest@3972a855]" name="TC_verifyReceivTypeWithoutShippingDock" duration-ms="0" started-at="2021-08-31T13:57:16 PDT" description="TestCase verifies Company Name displays alert for  commercial  without shipping docks." depends-on-methods="com.DollarDays.testCases.AddressBookPageTest.TC_verifyCountryDropdownDefaultValue" finished-at="2021-08-31T13:57:16 PDT">
          <exception class="java.lang.Throwable">
            <message>
              <![CDATA[Method AddressBookPageTest.TC_verifyReceivTypeWithoutShippingDock()[pri:15, instance:com.DollarDays.testCases.AddressBookPageTest@3972a855] depends on not successfully finished methods]]>
            </message>
            <full-stacktrace>
              <![CDATA[java.lang.Throwable: Method AddressBookPageTest.TC_verifyReceivTypeWithoutShippingDock()[pri:15, instance:com.DollarDays.testCases.AddressBookPageTest@3972a855] depends on not successfully finished methods
at org.testng.internal.TestInvoker.invokeTestMethods(TestInvoker.java:102)
at org.testng.internal.TestMethodWorker.invokeTestMethods(TestMethodWorker.java:146)
at org.testng.internal.TestMethodWorker.run(TestMethodWorker.java:128)
at java.util.ArrayList.forEach(Unknown Source)
at org.testng.TestRunner.privateRun(TestRunner.java:794)
at org.testng.TestRunner.run(TestRunner.java:596)
at org.testng.SuiteRunner.runTest(SuiteRunner.java:377)
at org.testng.SuiteRunner.runSequentially(SuiteRunner.java:371)
at org.testng.SuiteRunner.privateRun(SuiteRunner.java:332)
at org.testng.SuiteRunner.run(SuiteRunner.java:276)
at org.testng.SuiteRunnerWorker.runSuite(SuiteRunnerWorker.java:53)
at org.testng.SuiteRunnerWorker.run(SuiteRunnerWorker.java:96)
at org.testng.TestNG.runSuitesSequentially(TestNG.java:1212)
at org.testng.TestNG.runSuitesLocally(TestNG.java:1134)
at org.testng.TestNG.runSuites(TestNG.java:1063)
at org.testng.TestNG.run(TestNG.java:1031)
at org.testng.remote.AbstractRemoteTestNG.run(AbstractRemoteTestNG.java:115)
at org.testng.remote.RemoteTestNG.initAndRun(RemoteTestNG.java:251)
at org.testng.remote.RemoteTestNG.main(RemoteTestNG.java:77)
]]>
            </full-stacktrace>
          </exception> <!-- java.lang.Throwable -->
          <reporter-output>
          </reporter-output>
        </test-method> <!-- TC_verifyReceivTypeWithoutShippingDock -->
        <test-method status="SKIP" signature="TC_verifyMandatoryFieldsAlertMsgDisplay()[pri:16, instance:com.DollarDays.testCases.AddressBookPageTest@3972a855]" name="TC_verifyMandatoryFieldsAlertMsgDisplay" duration-ms="0" started-at="2021-08-31T13:57:16 PDT" description="TestCase verifies display of alert for mandatory textboxes." depends-on-methods="com.DollarDays.testCases.AddressBookPageTest.TC_verifyCountryDropdownDefaultValue" finished-at="2021-08-31T13:57:16 PDT">
          <exception class="java.lang.Throwable">
            <message>
              <![CDATA[Method AddressBookPageTest.TC_verifyMandatoryFieldsAlertMsgDisplay()[pri:16, instance:com.DollarDays.testCases.AddressBookPageTest@3972a855] depends on not successfully finished methods]]>
            </message>
            <full-stacktrace>
              <![CDATA[java.lang.Throwable: Method AddressBookPageTest.TC_verifyMandatoryFieldsAlertMsgDisplay()[pri:16, instance:com.DollarDays.testCases.AddressBookPageTest@3972a855] depends on not successfully finished methods
at org.testng.internal.TestInvoker.invokeTestMethods(TestInvoker.java:102)
at org.testng.internal.TestMethodWorker.invokeTestMethods(TestMethodWorker.java:146)
at org.testng.internal.TestMethodWorker.run(TestMethodWorker.java:128)
at java.util.ArrayList.forEach(Unknown Source)
at org.testng.TestRunner.privateRun(TestRunner.java:794)
at org.testng.TestRunner.run(TestRunner.java:596)
at org.testng.SuiteRunner.runTest(SuiteRunner.java:377)
at org.testng.SuiteRunner.runSequentially(SuiteRunner.java:371)
at org.testng.SuiteRunner.privateRun(SuiteRunner.java:332)
at org.testng.SuiteRunner.run(SuiteRunner.java:276)
at org.testng.SuiteRunnerWorker.runSuite(SuiteRunnerWorker.java:53)
at org.testng.SuiteRunnerWorker.run(SuiteRunnerWorker.java:96)
at org.testng.TestNG.runSuitesSequentially(TestNG.java:1212)
at org.testng.TestNG.runSuitesLocally(TestNG.java:1134)
at org.testng.TestNG.runSuites(TestNG.java:1063)
at org.testng.TestNG.run(TestNG.java:1031)
at org.testng.remote.AbstractRemoteTestNG.run(AbstractRemoteTestNG.java:115)
at org.testng.remote.RemoteTestNG.initAndRun(RemoteTestNG.java:251)
at org.testng.remote.RemoteTestNG.main(RemoteTestNG.java:77)
]]>
            </full-stacktrace>
          </exception> <!-- java.lang.Throwable -->
          <reporter-output>
          </reporter-output>
        </test-method> <!-- TC_verifyMandatoryFieldsAlertMsgDisplay -->
        <test-method status="SKIP" signature="TC_verifyFirstNameTextboxMaxLength()[pri:17, instance:com.DollarDays.testCases.AddressBookPageTest@3972a855]" name="TC_verifyFirstNameTextboxMaxLength" duration-ms="0" started-at="2021-08-31T13:57:16 PDT" description="TestCase verifies FirstName textbox accepts characters until maxlength defined" depends-on-methods="com.DollarDays.testCases.AddressBookPageTest.TC_verifyCountryDropdownDefaultValue" finished-at="2021-08-31T13:57:16 PDT">
          <exception class="java.lang.Throwable">
            <message>
              <![CDATA[Method AddressBookPageTest.TC_verifyFirstNameTextboxMaxLength()[pri:17, instance:com.DollarDays.testCases.AddressBookPageTest@3972a855] depends on not successfully finished methods]]>
            </message>
            <full-stacktrace>
              <![CDATA[java.lang.Throwable: Method AddressBookPageTest.TC_verifyFirstNameTextboxMaxLength()[pri:17, instance:com.DollarDays.testCases.AddressBookPageTest@3972a855] depends on not successfully finished methods
at org.testng.internal.TestInvoker.invokeTestMethods(TestInvoker.java:102)
at org.testng.internal.TestMethodWorker.invokeTestMethods(TestMethodWorker.java:146)
at org.testng.internal.TestMethodWorker.run(TestMethodWorker.java:128)
at java.util.ArrayList.forEach(Unknown Source)
at org.testng.TestRunner.privateRun(TestRunner.java:794)
at org.testng.TestRunner.run(TestRunner.java:596)
at org.testng.SuiteRunner.runTest(SuiteRunner.java:377)
at org.testng.SuiteRunner.runSequentially(SuiteRunner.java:371)
at org.testng.SuiteRunner.privateRun(SuiteRunner.java:332)
at org.testng.SuiteRunner.run(SuiteRunner.java:276)
at org.testng.SuiteRunnerWorker.runSuite(SuiteRunnerWorker.java:53)
at org.testng.SuiteRunnerWorker.run(SuiteRunnerWorker.java:96)
at org.testng.TestNG.runSuitesSequentially(TestNG.java:1212)
at org.testng.TestNG.runSuitesLocally(TestNG.java:1134)
at org.testng.TestNG.runSuites(TestNG.java:1063)
at org.testng.TestNG.run(TestNG.java:1031)
at org.testng.remote.AbstractRemoteTestNG.run(AbstractRemoteTestNG.java:115)
at org.testng.remote.RemoteTestNG.initAndRun(RemoteTestNG.java:251)
at org.testng.remote.RemoteTestNG.main(RemoteTestNG.java:77)
]]>
            </full-stacktrace>
          </exception> <!-- java.lang.Throwable -->
          <reporter-output>
          </reporter-output>
        </test-method> <!-- TC_verifyFirstNameTextboxMaxLength -->
        <test-method status="SKIP" signature="TC_verifyLastNameTextboxMaxlength()[pri:18, instance:com.DollarDays.testCases.AddressBookPageTest@3972a855]" name="TC_verifyLastNameTextboxMaxlength" duration-ms="0" started-at="2021-08-31T13:57:16 PDT" description="TestCase verifies LastName textbox accepts characters until maxlength defined" depends-on-methods="com.DollarDays.testCases.AddressBookPageTest.TC_verifyCountryDropdownDefaultValue" finished-at="2021-08-31T13:57:16 PDT">
          <exception class="java.lang.Throwable">
            <message>
              <![CDATA[Method AddressBookPageTest.TC_verifyLastNameTextboxMaxlength()[pri:18, instance:com.DollarDays.testCases.AddressBookPageTest@3972a855] depends on not successfully finished methods]]>
            </message>
            <full-stacktrace>
              <![CDATA[java.lang.Throwable: Method AddressBookPageTest.TC_verifyLastNameTextboxMaxlength()[pri:18, instance:com.DollarDays.testCases.AddressBookPageTest@3972a855] depends on not successfully finished methods
at org.testng.internal.TestInvoker.invokeTestMethods(TestInvoker.java:102)
at org.testng.internal.TestMethodWorker.invokeTestMethods(TestMethodWorker.java:146)
at org.testng.internal.TestMethodWorker.run(TestMethodWorker.java:128)
at java.util.ArrayList.forEach(Unknown Source)
at org.testng.TestRunner.privateRun(TestRunner.java:794)
at org.testng.TestRunner.run(TestRunner.java:596)
at org.testng.SuiteRunner.runTest(SuiteRunner.java:377)
at org.testng.SuiteRunner.runSequentially(SuiteRunner.java:371)
at org.testng.SuiteRunner.privateRun(SuiteRunner.java:332)
at org.testng.SuiteRunner.run(SuiteRunner.java:276)
at org.testng.SuiteRunnerWorker.runSuite(SuiteRunnerWorker.java:53)
at org.testng.SuiteRunnerWorker.run(SuiteRunnerWorker.java:96)
at org.testng.TestNG.runSuitesSequentially(TestNG.java:1212)
at org.testng.TestNG.runSuitesLocally(TestNG.java:1134)
at org.testng.TestNG.runSuites(TestNG.java:1063)
at org.testng.TestNG.run(TestNG.java:1031)
at org.testng.remote.AbstractRemoteTestNG.run(AbstractRemoteTestNG.java:115)
at org.testng.remote.RemoteTestNG.initAndRun(RemoteTestNG.java:251)
at org.testng.remote.RemoteTestNG.main(RemoteTestNG.java:77)
]]>
            </full-stacktrace>
          </exception> <!-- java.lang.Throwable -->
          <reporter-output>
          </reporter-output>
        </test-method> <!-- TC_verifyLastNameTextboxMaxlength -->
        <test-method status="SKIP" signature="TC_verifyStreetAddressTextbox()[pri:19, instance:com.DollarDays.testCases.AddressBookPageTest@3972a855]" name="TC_verifyStreetAddressTextbox" duration-ms="0" started-at="2021-08-31T13:57:16 PDT" description="TestCase verifies StresstAddress textbox accepts alphanumeric characters." depends-on-methods="com.DollarDays.testCases.AddressBookPageTest.TC_verifyCountryDropdownDefaultValue" finished-at="2021-08-31T13:57:16 PDT">
          <exception class="java.lang.Throwable">
            <message>
              <![CDATA[Method AddressBookPageTest.TC_verifyStreetAddressTextbox()[pri:19, instance:com.DollarDays.testCases.AddressBookPageTest@3972a855] depends on not successfully finished methods]]>
            </message>
            <full-stacktrace>
              <![CDATA[java.lang.Throwable: Method AddressBookPageTest.TC_verifyStreetAddressTextbox()[pri:19, instance:com.DollarDays.testCases.AddressBookPageTest@3972a855] depends on not successfully finished methods
at org.testng.internal.TestInvoker.invokeTestMethods(TestInvoker.java:102)
at org.testng.internal.TestMethodWorker.invokeTestMethods(TestMethodWorker.java:146)
at org.testng.internal.TestMethodWorker.run(TestMethodWorker.java:128)
at java.util.ArrayList.forEach(Unknown Source)
at org.testng.TestRunner.privateRun(TestRunner.java:794)
at org.testng.TestRunner.run(TestRunner.java:596)
at org.testng.SuiteRunner.runTest(SuiteRunner.java:377)
at org.testng.SuiteRunner.runSequentially(SuiteRunner.java:371)
at org.testng.SuiteRunner.privateRun(SuiteRunner.java:332)
at org.testng.SuiteRunner.run(SuiteRunner.java:276)
at org.testng.SuiteRunnerWorker.runSuite(SuiteRunnerWorker.java:53)
at org.testng.SuiteRunnerWorker.run(SuiteRunnerWorker.java:96)
at org.testng.TestNG.runSuitesSequentially(TestNG.java:1212)
at org.testng.TestNG.runSuitesLocally(TestNG.java:1134)
at org.testng.TestNG.runSuites(TestNG.java:1063)
at org.testng.TestNG.run(TestNG.java:1031)
at org.testng.remote.AbstractRemoteTestNG.run(AbstractRemoteTestNG.java:115)
at org.testng.remote.RemoteTestNG.initAndRun(RemoteTestNG.java:251)
at org.testng.remote.RemoteTestNG.main(RemoteTestNG.java:77)
]]>
            </full-stacktrace>
          </exception> <!-- java.lang.Throwable -->
          <reporter-output>
          </reporter-output>
        </test-method> <!-- TC_verifyStreetAddressTextbox -->
        <test-method status="SKIP" signature="TC_verifyAptStebldgTextbox()[pri:20, instance:com.DollarDays.testCases.AddressBookPageTest@3972a855]" name="TC_verifyAptStebldgTextbox" duration-ms="0" started-at="2021-08-31T13:57:16 PDT" description="TestCase verifies Apt textbox accepts alphanumeric characters." depends-on-methods="com.DollarDays.testCases.AddressBookPageTest.TC_verifyCountryDropdownDefaultValue" finished-at="2021-08-31T13:57:16 PDT">
          <exception class="java.lang.Throwable">
            <message>
              <![CDATA[Method AddressBookPageTest.TC_verifyAptStebldgTextbox()[pri:20, instance:com.DollarDays.testCases.AddressBookPageTest@3972a855] depends on not successfully finished methods]]>
            </message>
            <full-stacktrace>
              <![CDATA[java.lang.Throwable: Method AddressBookPageTest.TC_verifyAptStebldgTextbox()[pri:20, instance:com.DollarDays.testCases.AddressBookPageTest@3972a855] depends on not successfully finished methods
at org.testng.internal.TestInvoker.invokeTestMethods(TestInvoker.java:102)
at org.testng.internal.TestMethodWorker.invokeTestMethods(TestMethodWorker.java:146)
at org.testng.internal.TestMethodWorker.run(TestMethodWorker.java:128)
at java.util.ArrayList.forEach(Unknown Source)
at org.testng.TestRunner.privateRun(TestRunner.java:794)
at org.testng.TestRunner.run(TestRunner.java:596)
at org.testng.SuiteRunner.runTest(SuiteRunner.java:377)
at org.testng.SuiteRunner.runSequentially(SuiteRunner.java:371)
at org.testng.SuiteRunner.privateRun(SuiteRunner.java:332)
at org.testng.SuiteRunner.run(SuiteRunner.java:276)
at org.testng.SuiteRunnerWorker.runSuite(SuiteRunnerWorker.java:53)
at org.testng.SuiteRunnerWorker.run(SuiteRunnerWorker.java:96)
at org.testng.TestNG.runSuitesSequentially(TestNG.java:1212)
at org.testng.TestNG.runSuitesLocally(TestNG.java:1134)
at org.testng.TestNG.runSuites(TestNG.java:1063)
at org.testng.TestNG.run(TestNG.java:1031)
at org.testng.remote.AbstractRemoteTestNG.run(AbstractRemoteTestNG.java:115)
at org.testng.remote.RemoteTestNG.initAndRun(RemoteTestNG.java:251)
at org.testng.remote.RemoteTestNG.main(RemoteTestNG.java:77)
]]>
            </full-stacktrace>
          </exception> <!-- java.lang.Throwable -->
          <reporter-output>
          </reporter-output>
        </test-method> <!-- TC_verifyAptStebldgTextbox -->
        <test-method status="PASS" signature="teardown()[pri:0, instance:com.DollarDays.testCases.AddressBookPageTest@3972a855]" name="teardown" is-config="true" duration-ms="1239" started-at="2021-08-31T13:57:16 PDT" finished-at="2021-08-31T13:57:17 PDT">
          <reporter-output>
          </reporter-output>
        </test-method> <!-- teardown -->
      </class> <!-- com.DollarDays.testCases.AddressBookPageTest -->
    </test> <!-- Default test -->
  </suite> <!-- Default suite -->
</testng-results>
